2022-02-18 10:45:17,862 - INFO - **********打开浏览器，开始测试**********
2022-02-18 10:45:18,009 - INFO - 刷新页面
2022-02-18 10:45:18,009 - INFO - 

--------------执行测试: 测试输入错误验证码登录失败 ---------------
2022-02-18 10:45:18,072 - INFO - 输入用户名 admin
2022-02-18 10:45:18,133 - INFO - 输入密码 12345678
2022-02-18 10:45:18,188 - INFO - 输入验证码 666 
2022-02-18 10:45:18,243 - INFO - 点击登录按钮
2022-02-18 10:45:18,243 - INFO - 开始断言
2022-02-18 10:45:18,771 - INFO - 测试通过
2022-02-18 10:45:18,771 - INFO - 
--------------执行完毕: 测试输入错误验证码登录失败 ---------------

2022-02-18 10:45:18,862 - INFO - 刷新页面
2022-02-18 10:45:18,862 - INFO - 

--------------执行测试: 测试输入验证码为空登录失败 ---------------
2022-02-18 10:45:18,918 - INFO - 输入用户名 icoin
2022-02-18 10:45:18,968 - INFO - 输入密码 654321
2022-02-18 10:45:19,011 - INFO - 输入验证码  
2022-02-18 10:45:19,057 - INFO - 点击登录按钮
2022-02-18 10:45:19,057 - INFO - 开始断言
2022-02-18 10:45:19,577 - INFO - 测试通过
2022-02-18 10:45:19,577 - INFO - 
--------------执行完毕: 测试输入验证码为空登录失败 ---------------

2022-02-18 10:45:19,682 - INFO - 刷新页面
2022-02-18 10:45:19,682 - INFO - 

--------------执行测试: 测试输入用户名为空登录失败 ---------------
2022-02-18 10:45:19,733 - INFO - 输入用户名 
2022-02-18 10:45:19,789 - INFO - 输入密码 123456
2022-02-18 10:45:19,843 - INFO - 输入验证码 6666 
2022-02-18 10:45:19,883 - INFO - 点击登录按钮
2022-02-18 10:45:19,883 - INFO - 开始断言
2022-02-18 10:45:19,904 - INFO - 测试通过
2022-02-18 10:45:19,904 - INFO - 
--------------执行完毕: 测试输入用户名为空登录失败 ---------------

2022-02-18 10:45:19,989 - INFO - 刷新页面
2022-02-18 10:45:19,989 - INFO - 

--------------执行测试: 测试输入密码为空登录失败 ---------------
2022-02-18 10:45:20,051 - INFO - 输入用户名 icoin
2022-02-18 10:45:20,097 - INFO - 输入密码 
2022-02-18 10:45:20,152 - INFO - 输入验证码 66666 
2022-02-18 10:45:20,193 - INFO - 点击登录按钮
2022-02-18 10:45:20,193 - INFO - 开始断言
2022-02-18 10:45:20,226 - INFO - 测试通过
2022-02-18 10:45:20,226 - INFO - 
--------------执行完毕: 测试输入密码为空登录失败 ---------------

2022-02-18 10:45:20,316 - INFO - 刷新页面
2022-02-18 10:45:20,316 - INFO - 
--------------执行测试: 测试登录成功 ---------------
2022-02-18 10:45:20,371 - INFO - 输入用户名 icoin
2022-02-18 10:45:20,425 - INFO - 输入密码 123456
2022-02-18 10:45:20,769 - INFO - 输入验证码 4465 
2022-02-18 10:45:20,813 - INFO - 点击登录按钮
2022-02-18 10:45:20,813 - INFO - 开始断言
2022-02-18 10:45:21,372 - INFO - 测试通过
2022-02-18 10:45:21,373 - INFO - 
--------------执行完毕: 测试登录成功 ---------------

2022-02-18 10:45:23,489 - INFO - **********关闭浏览器，结束测试**********


2022-02-18 10:45:26,490 - INFO - ----强制等待3s----


2022-02-18 10:45:29,789 - INFO - send_email success
2022-02-18 10:46:28,958 - INFO - **********打开浏览器，开始测试**********
2022-02-18 10:46:29,083 - INFO - 刷新页面
2022-02-18 10:46:29,084 - INFO - 

--------------执行测试: 测试输入错误验证码登录失败 ---------------
2022-02-18 10:46:29,153 - INFO - 输入用户名 admin
2022-02-18 10:46:29,218 - INFO - 输入密码 12345678
2022-02-18 10:46:29,275 - INFO - 输入验证码 666 
2022-02-18 10:46:29,335 - INFO - 点击登录按钮
2022-02-18 10:46:29,335 - INFO - 开始断言
2022-02-18 10:46:29,863 - INFO - 测试通过
2022-02-18 10:46:29,864 - INFO - 
--------------执行完毕: 测试输入错误验证码登录失败 ---------------

2022-02-18 10:46:29,956 - INFO - 刷新页面
2022-02-18 10:46:29,956 - INFO - 

--------------执行测试: 测试输入验证码为空登录失败 ---------------
2022-02-18 10:46:30,015 - INFO - 输入用户名 icoin
2022-02-18 10:46:30,077 - INFO - 输入密码 654321
2022-02-18 10:46:30,123 - INFO - 输入验证码  
2022-02-18 10:46:30,185 - INFO - 点击登录按钮
2022-02-18 10:46:30,185 - INFO - 开始断言
2022-02-18 10:46:30,705 - INFO - 测试通过
2022-02-18 10:46:30,705 - INFO - 
--------------执行完毕: 测试输入验证码为空登录失败 ---------------

2022-02-18 10:46:30,788 - INFO - 刷新页面
2022-02-18 10:46:30,789 - INFO - 

--------------执行测试: 测试输入用户名为空登录失败 ---------------
2022-02-18 10:46:30,834 - INFO - 输入用户名 
2022-02-18 10:46:30,889 - INFO - 输入密码 123456
2022-02-18 10:46:30,950 - INFO - 输入验证码 6666 
2022-02-18 10:46:31,005 - INFO - 点击登录按钮
2022-02-18 10:46:31,005 - INFO - 开始断言
2022-02-18 10:46:31,031 - INFO - 测试通过
2022-02-18 10:46:31,032 - INFO - 
--------------执行完毕: 测试输入用户名为空登录失败 ---------------

2022-02-18 10:46:31,118 - INFO - 刷新页面
2022-02-18 10:46:31,118 - INFO - 

--------------执行测试: 测试输入密码为空登录失败 ---------------
2022-02-18 10:46:31,177 - INFO - 输入用户名 icoin
2022-02-18 10:46:31,220 - INFO - 输入密码 
2022-02-18 10:46:31,277 - INFO - 输入验证码 66666 
2022-02-18 10:46:31,312 - INFO - 点击登录按钮
2022-02-18 10:46:31,312 - INFO - 开始断言
2022-02-18 10:46:31,335 - INFO - 测试通过
2022-02-18 10:46:31,335 - INFO - 
--------------执行完毕: 测试输入密码为空登录失败 ---------------

2022-02-18 10:46:31,429 - INFO - 刷新页面
2022-02-18 10:46:31,429 - INFO - 
--------------执行测试: 测试登录成功 ---------------
2022-02-18 10:46:31,493 - INFO - 输入用户名 icoin
2022-02-18 10:46:31,545 - INFO - 输入密码 123456
2022-02-18 10:46:31,928 - INFO - 输入验证码 7989 
2022-02-18 10:46:31,987 - INFO - 点击登录按钮
2022-02-18 10:46:31,988 - INFO - 开始断言
2022-02-18 10:46:32,545 - INFO - 测试通过
2022-02-18 10:46:32,546 - INFO - 
--------------执行完毕: 测试登录成功 ---------------

2022-02-18 10:46:34,660 - INFO - **********关闭浏览器，结束测试**********


2022-02-18 10:46:37,660 - INFO - ----强制等待3s----


2022-02-18 10:46:38,845 - INFO - **********打开浏览器，开始测试**********
2022-02-18 10:46:38,845 - INFO - 

--------------执行测试: 测试退出登录成功 ---------------
2022-02-18 10:46:40,769 - INFO - 进入登录页面
2022-02-18 10:46:40,824 - INFO - 输入用户名 icoin
2022-02-18 10:46:40,880 - INFO - 输入密码 123456
2022-02-18 10:46:41,282 - INFO - 输入验证码 7525 
2022-02-18 10:46:41,339 - INFO - 点击登录按钮
2022-02-18 10:46:42,221 - INFO - 点击头像
2022-02-18 10:46:42,829 - INFO - 点击logout
2022-02-18 10:46:42,914 - INFO - 点击确认退出按钮
2022-02-18 10:46:42,914 - INFO - 开始断言
2022-02-18 10:46:43,454 - INFO - 测试通过
2022-02-18 10:46:43,454 - INFO - 
--------------执行完毕: 测试退出登录成功 ---------------

2022-02-18 10:46:45,559 - INFO - **********关闭浏览器，结束测试**********


2022-02-18 10:46:48,560 - INFO - ----强制等待3s----


2022-02-18 10:46:50,697 - INFO - send_email success
2022-02-18 10:53:00,089 - INFO - **********打开浏览器，开始测试**********
2022-02-18 10:53:00,093 - INFO - 刷新页面
2022-02-18 10:53:00,093 - INFO - 

--------------执行测试: 测试输入错误验证码登录失败 ---------------
2022-02-18 10:53:00,321 - INFO - 输入用户名 admin
2022-02-18 10:53:00,388 - INFO - 输入密码 12345678
2022-02-18 10:53:00,443 - INFO - 输入验证码 666 
2022-02-18 10:53:00,501 - INFO - 点击登录按钮
2022-02-18 10:53:00,502 - INFO - 开始断言
2022-02-18 10:53:01,035 - INFO - 测试通过
2022-02-18 10:53:01,035 - INFO - 
--------------执行完毕: 测试输入错误验证码登录失败 ---------------

2022-02-18 10:53:01,122 - INFO - 刷新页面
2022-02-18 10:53:01,122 - INFO - 

--------------执行测试: 测试输入验证码为空登录失败 ---------------
2022-02-18 10:53:01,178 - INFO - 输入用户名 icoin
2022-02-18 10:53:01,231 - INFO - 输入密码 654321
2022-02-18 10:53:01,272 - INFO - 输入验证码  
2022-02-18 10:53:01,321 - INFO - 点击登录按钮
2022-02-18 10:53:01,321 - INFO - 开始断言
2022-02-18 10:53:01,840 - INFO - 测试通过
2022-02-18 10:53:01,840 - INFO - 
--------------执行完毕: 测试输入验证码为空登录失败 ---------------

2022-02-18 10:53:01,924 - INFO - 刷新页面
2022-02-18 10:53:01,924 - INFO - 

--------------执行测试: 测试输入用户名为空登录失败 ---------------
2022-02-18 10:53:01,972 - INFO - 输入用户名 
2022-02-18 10:53:02,027 - INFO - 输入密码 123456
2022-02-18 10:53:02,080 - INFO - 输入验证码 6666 
2022-02-18 10:53:02,126 - INFO - 点击登录按钮
2022-02-18 10:53:02,126 - INFO - 开始断言
2022-02-18 10:53:02,159 - INFO - 测试通过
2022-02-18 10:53:02,159 - INFO - 
--------------执行完毕: 测试输入用户名为空登录失败 ---------------

2022-02-18 10:53:02,246 - INFO - 刷新页面
2022-02-18 10:53:02,246 - INFO - 

--------------执行测试: 测试输入密码为空登录失败 ---------------
2022-02-18 10:53:02,304 - INFO - 输入用户名 icoin
2022-02-18 10:53:02,354 - INFO - 输入密码 
2022-02-18 10:53:02,410 - INFO - 输入验证码 66666 
2022-02-18 10:53:02,445 - INFO - 点击登录按钮
2022-02-18 10:53:02,445 - INFO - 开始断言
2022-02-18 10:53:02,470 - INFO - 测试通过
2022-02-18 10:53:02,470 - INFO - 
--------------执行完毕: 测试输入密码为空登录失败 ---------------

2022-02-18 10:53:02,560 - INFO - 刷新页面
2022-02-18 10:53:02,561 - INFO - 
--------------执行测试: 测试登录成功 ---------------
2022-02-18 10:53:02,618 - INFO - 输入用户名 icoin
2022-02-18 10:53:02,669 - INFO - 输入密码 123456
2022-02-18 10:53:02,946 - INFO - 输入验证码 8593 
2022-02-18 10:53:02,997 - INFO - 点击登录按钮
2022-02-18 10:53:02,997 - INFO - 开始断言
2022-02-18 10:53:03,560 - INFO - 测试通过
2022-02-18 10:53:03,560 - INFO - 
--------------执行完毕: 测试登录成功 ---------------

2022-02-18 10:53:05,677 - INFO - **********关闭浏览器，结束测试**********


2022-02-18 10:53:08,678 - INFO - ----强制等待3s----


2022-02-18 10:53:12,068 - INFO - send_email success
2022-02-18 10:56:07,801 - INFO - **********打开浏览器，开始测试**********
2022-02-18 10:56:07,941 - INFO - 刷新页面
2022-02-18 10:56:07,941 - INFO - 

--------------执行测试: 测试输入错误验证码登录失败 ---------------
2022-02-18 10:56:08,012 - INFO - 输入用户名 admin
2022-02-18 10:56:08,072 - INFO - 输入密码 12345678
2022-02-18 10:56:08,126 - INFO - 输入验证码 666 
2022-02-18 10:56:08,181 - INFO - 点击登录按钮
2022-02-18 10:56:08,181 - INFO - 开始断言
2022-02-18 10:56:08,712 - INFO - 测试通过
2022-02-18 10:56:08,712 - INFO - 
--------------执行完毕: 测试输入错误验证码登录失败 ---------------

2022-02-18 10:56:08,808 - INFO - 刷新页面
2022-02-18 10:56:08,808 - INFO - 

--------------执行测试: 测试输入验证码为空登录失败 ---------------
2022-02-18 10:56:08,860 - INFO - 输入用户名 icoin
2022-02-18 10:56:08,908 - INFO - 输入密码 654321
2022-02-18 10:56:08,950 - INFO - 输入验证码  
2022-02-18 10:56:08,998 - INFO - 点击登录按钮
2022-02-18 10:56:08,998 - INFO - 开始断言
2022-02-18 10:56:09,517 - INFO - 测试通过
2022-02-18 10:56:09,517 - INFO - 
--------------执行完毕: 测试输入验证码为空登录失败 ---------------

2022-02-18 10:56:09,605 - INFO - 刷新页面
2022-02-18 10:56:09,605 - INFO - 

--------------执行测试: 测试输入用户名为空登录失败 ---------------
2022-02-18 10:56:09,652 - INFO - 输入用户名 
2022-02-18 10:56:09,716 - INFO - 输入密码 123456
2022-02-18 10:56:09,781 - INFO - 输入验证码 6666 
2022-02-18 10:56:09,830 - INFO - 点击登录按钮
2022-02-18 10:56:09,831 - INFO - 开始断言
2022-02-18 10:56:09,849 - INFO - 测试通过
2022-02-18 10:56:09,849 - INFO - 
--------------执行完毕: 测试输入用户名为空登录失败 ---------------

2022-02-18 10:56:09,939 - INFO - 刷新页面
2022-02-18 10:56:09,939 - INFO - 

--------------执行测试: 测试输入密码为空登录失败 ---------------
2022-02-18 10:56:09,998 - INFO - 输入用户名 icoin
2022-02-18 10:56:10,042 - INFO - 输入密码 
2022-02-18 10:56:10,094 - INFO - 输入验证码 66666 
2022-02-18 10:56:10,139 - INFO - 点击登录按钮
2022-02-18 10:56:10,139 - INFO - 开始断言
2022-02-18 10:56:10,170 - INFO - 测试通过
2022-02-18 10:56:10,171 - INFO - 
--------------执行完毕: 测试输入密码为空登录失败 ---------------

2022-02-18 10:56:10,272 - INFO - 刷新页面
2022-02-18 10:56:10,272 - INFO - 
--------------执行测试: 测试登录成功 ---------------
2022-02-18 10:56:10,330 - INFO - 输入用户名 icoin
2022-02-18 10:56:10,389 - INFO - 输入密码 123456
2022-02-18 10:56:10,681 - INFO - 输入验证码 8999 
2022-02-18 10:56:10,727 - INFO - 点击登录按钮
2022-02-18 10:56:10,727 - INFO - 开始断言
2022-02-18 10:56:11,284 - INFO - 测试通过
2022-02-18 10:56:11,284 - INFO - 
--------------执行完毕: 测试登录成功 ---------------

2022-02-18 10:56:13,393 - INFO - **********关闭浏览器，结束测试**********


2022-02-18 10:56:16,394 - INFO - ----强制等待3s----


2022-02-18 10:56:17,573 - INFO - **********打开浏览器，开始测试**********
2022-02-18 10:56:17,573 - INFO - 

--------------执行测试: None ---------------
2022-02-18 10:56:19,418 - INFO - 进入登录页面
2022-02-18 10:56:19,441 - INFO - 

--------------执行测试: 测试退出登录成功 ---------------
2022-02-18 10:56:34,520 - ERROR - 元素定位失败: Message: 
 
2022-02-18 10:56:36,634 - INFO - **********关闭浏览器，结束测试**********


2022-02-18 10:56:39,634 - INFO - ----强制等待3s----


2022-02-18 10:56:41,624 - INFO - send_email success
2022-02-18 11:04:15,290 - INFO - **********打开浏览器，开始测试**********
2022-02-18 11:04:15,426 - INFO - 刷新页面
2022-02-18 11:04:15,426 - INFO - 

--------------执行测试: 测试输入错误验证码登录失败 ---------------
2022-02-18 11:04:15,530 - INFO - 输入用户名 admin
2022-02-18 11:04:15,630 - INFO - 输入密码 12345678
2022-02-18 11:04:15,709 - INFO - 输入验证码 666 
2022-02-18 11:04:15,792 - INFO - 点击登录按钮
2022-02-18 11:04:15,792 - INFO - 开始断言
2022-02-18 11:04:16,317 - INFO - 测试通过
2022-02-18 11:04:16,317 - INFO - 
--------------执行完毕: 测试输入错误验证码登录失败 ---------------

2022-02-18 11:04:16,439 - INFO - 刷新页面
2022-02-18 11:04:16,439 - INFO - 

--------------执行测试: 测试输入验证码为空登录失败 ---------------
2022-02-18 11:04:16,504 - INFO - 输入用户名 icoin
2022-02-18 11:04:16,591 - INFO - 输入密码 654321
2022-02-18 11:04:16,659 - INFO - 输入验证码  
2022-02-18 11:04:16,734 - INFO - 点击登录按钮
2022-02-18 11:04:16,735 - INFO - 开始断言
2022-02-18 11:04:17,253 - INFO - 测试通过
2022-02-18 11:04:17,254 - INFO - 
--------------执行完毕: 测试输入验证码为空登录失败 ---------------

2022-02-18 11:04:17,372 - INFO - 刷新页面
2022-02-18 11:04:17,372 - INFO - 

--------------执行测试: 测试输入用户名为空登录失败 ---------------
2022-02-18 11:04:17,435 - INFO - 输入用户名 
2022-02-18 11:04:17,491 - INFO - 输入密码 123456
2022-02-18 11:04:17,542 - INFO - 输入验证码 6666 
2022-02-18 11:04:17,585 - INFO - 点击登录按钮
2022-02-18 11:04:17,585 - INFO - 开始断言
2022-02-18 11:04:17,615 - ERROR - 测试未通过 '' != 'Please enter account'
+ Please enter account
Traceback (most recent call last):
  File "E:\Study\pythonProject\pythonProject\my_selenium_project\testcases\test01_AdminLogin.py", line 80, in test1_login_failed
    self.assertEqual(result.text, login.get('expected'))
  File "C:\Program Files\Python38\lib\unittest\case.py", line 912, in assertEqual
    assertion_func(first, second, msg=msg)
  File "C:\Program Files\Python38\lib\unittest\case.py", line 1292, in assertMultiLineEqual
    self.fail(self._formatMessage(msg, standardMsg))
  File "C:\Program Files\Python38\lib\unittest\case.py", line 753, in fail
    raise self.failureException(msg)
AssertionError: '' != 'Please enter account'
+ Please enter account
2022-02-18 11:04:17,718 - INFO - 刷新页面
2022-02-18 11:04:17,718 - INFO - 

--------------执行测试: 测试输入密码为空登录失败 ---------------
2022-02-18 11:04:17,773 - INFO - 输入用户名 icoin
2022-02-18 11:04:17,821 - INFO - 输入密码 
2022-02-18 11:04:17,879 - INFO - 输入验证码 66666 
2022-02-18 11:04:17,928 - INFO - 点击登录按钮
2022-02-18 11:04:17,928 - INFO - 开始断言
2022-02-18 11:04:17,960 - INFO - 测试通过
2022-02-18 11:04:17,960 - INFO - 
--------------执行完毕: 测试输入密码为空登录失败 ---------------

2022-02-18 11:04:18,052 - INFO - 刷新页面
2022-02-18 11:04:18,052 - INFO - 
--------------执行测试: 测试登录成功 ---------------
2022-02-18 11:04:18,106 - INFO - 输入用户名 icoin
2022-02-18 11:04:18,154 - INFO - 输入密码 123456
2022-02-18 11:04:18,424 - INFO - 输入验证码 9677 
2022-02-18 11:04:18,475 - INFO - 点击登录按钮
2022-02-18 11:04:18,475 - INFO - 开始断言
2022-02-18 11:04:19,006 - INFO - 测试通过
2022-02-18 11:04:19,006 - INFO - 
--------------执行完毕: 测试登录成功 ---------------

2022-02-18 11:04:21,176 - INFO - **********关闭浏览器，结束测试**********


2022-02-18 11:04:24,176 - INFO - ----强制等待3s----


2022-02-18 11:04:25,388 - INFO - **********打开浏览器，开始测试**********
2022-02-18 11:04:25,389 - INFO - 

--------------执行测试: 测试进入用户管理 ---------------
2022-02-18 11:04:27,184 - INFO - 进入登录页面
2022-02-18 11:04:27,261 - INFO - 输入用户名 icoin
2022-02-18 11:04:27,394 - INFO - 输入密码 123456
2022-02-18 11:04:27,711 - INFO - 输入验证码 2584 
2022-02-18 11:04:27,863 - INFO - 点击登录按钮
2022-02-18 11:04:28,556 - INFO - 点击系统管理
2022-02-18 11:04:43,803 - ERROR - 元素定位失败: Message: 
 
2022-02-18 11:04:43,804 - INFO - 

--------------执行测试: 测试退出登录成功 ---------------
2022-02-18 11:04:43,839 - INFO - 点击头像
2022-02-18 11:04:44,393 - INFO - 点击logout
2022-02-18 11:04:44,435 - INFO - 点击确认退出按钮
2022-02-18 11:04:44,435 - INFO - 开始断言
2022-02-18 11:04:44,963 - INFO - 测试通过
2022-02-18 11:04:44,963 - INFO - 
--------------执行完毕: 测试退出登录成功 ---------------

2022-02-18 11:04:47,114 - INFO - **********关闭浏览器，结束测试**********


2022-02-18 11:04:50,114 - INFO - ----强制等待3s----


2022-02-18 11:04:52,074 - INFO - send_email success
2022-02-18 11:05:41,204 - INFO - **********打开浏览器，开始测试**********
2022-02-18 11:05:41,324 - INFO - 刷新页面
2022-02-18 11:05:41,324 - INFO - 

--------------执行测试: 测试输入错误验证码登录失败 ---------------
2022-02-18 11:05:41,390 - INFO - 输入用户名 admin
2022-02-18 11:05:41,507 - INFO - 输入密码 12345678
2022-02-18 11:05:41,619 - INFO - 输入验证码 666 
2022-02-18 11:05:41,702 - INFO - 点击登录按钮
2022-02-18 11:05:41,703 - INFO - 开始断言
2022-02-18 11:05:42,235 - INFO - 测试通过
2022-02-18 11:05:42,235 - INFO - 
--------------执行完毕: 测试输入错误验证码登录失败 ---------------

2022-02-18 11:05:42,320 - INFO - 刷新页面
2022-02-18 11:05:42,320 - INFO - 

--------------执行测试: 测试输入验证码为空登录失败 ---------------
2022-02-18 11:05:42,380 - INFO - 输入用户名 icoin
2022-02-18 11:05:42,458 - INFO - 输入密码 654321
2022-02-18 11:05:42,536 - INFO - 输入验证码  
2022-02-18 11:05:42,606 - INFO - 点击登录按钮
2022-02-18 11:05:42,607 - INFO - 开始断言
2022-02-18 11:05:43,125 - INFO - 测试通过
2022-02-18 11:05:43,125 - INFO - 
--------------执行完毕: 测试输入验证码为空登录失败 ---------------

2022-02-18 11:05:43,209 - INFO - 刷新页面
2022-02-18 11:05:43,209 - INFO - 

--------------执行测试: 测试输入用户名为空登录失败 ---------------
2022-02-18 11:05:43,255 - INFO - 输入用户名 
2022-02-18 11:05:43,341 - INFO - 输入密码 123456
2022-02-18 11:05:43,449 - INFO - 输入验证码 6666 
2022-02-18 11:05:43,524 - INFO - 点击登录按钮
2022-02-18 11:05:43,524 - INFO - 开始断言
2022-02-18 11:05:43,551 - INFO - 测试通过
2022-02-18 11:05:43,551 - INFO - 
--------------执行完毕: 测试输入用户名为空登录失败 ---------------

2022-02-18 11:05:43,636 - INFO - 刷新页面
2022-02-18 11:05:43,637 - INFO - 

--------------执行测试: 测试输入密码为空登录失败 ---------------
2022-02-18 11:05:43,704 - INFO - 输入用户名 icoin
2022-02-18 11:05:43,775 - INFO - 输入密码 
2022-02-18 11:05:43,858 - INFO - 输入验证码 66666 
2022-02-18 11:05:43,911 - INFO - 点击登录按钮
2022-02-18 11:05:43,911 - INFO - 开始断言
2022-02-18 11:05:43,941 - INFO - 测试通过
2022-02-18 11:05:43,941 - INFO - 
--------------执行完毕: 测试输入密码为空登录失败 ---------------

2022-02-18 11:05:44,030 - INFO - 刷新页面
2022-02-18 11:05:44,030 - INFO - 
--------------执行测试: 测试登录成功 ---------------
2022-02-18 11:05:44,089 - INFO - 输入用户名 icoin
2022-02-18 11:05:44,170 - INFO - 输入密码 123456
2022-02-18 11:05:44,616 - INFO - 输入验证码 6646 
2022-02-18 11:05:44,678 - INFO - 点击登录按钮
2022-02-18 11:05:44,679 - INFO - 开始断言
2022-02-18 11:05:45,231 - INFO - 测试通过
2022-02-18 11:05:45,231 - INFO - 
--------------执行完毕: 测试登录成功 ---------------

2022-02-18 11:05:47,380 - INFO - **********关闭浏览器，结束测试**********


2022-02-18 11:05:50,380 - INFO - ----强制等待3s----


2022-02-18 11:05:51,538 - INFO - **********打开浏览器，开始测试**********
2022-02-18 11:05:51,538 - INFO - 

--------------执行测试: 测试进入用户管理 ---------------
2022-02-18 11:05:53,444 - INFO - 进入登录页面
2022-02-18 11:05:53,538 - INFO - 输入用户名 icoin
2022-02-18 11:05:53,661 - INFO - 输入密码 123456
2022-02-18 11:05:54,095 - INFO - 输入验证码 8582 
2022-02-18 11:05:54,145 - INFO - 点击登录按钮
2022-02-18 11:05:54,853 - INFO - 点击系统管理
2022-02-18 11:06:10,080 - ERROR - 元素定位失败: Message: 
 
2022-02-18 11:06:10,081 - INFO - 

--------------执行测试: 测试退出登录成功 ---------------
2022-02-18 11:06:10,116 - INFO - 点击头像
2022-02-18 11:06:10,670 - INFO - 点击logout
2022-02-18 11:06:10,712 - INFO - 点击确认退出按钮
2022-02-18 11:06:10,712 - INFO - 开始断言
2022-02-18 11:06:11,247 - INFO - 测试通过
2022-02-18 11:06:11,247 - INFO - 
--------------执行完毕: 测试退出登录成功 ---------------

2022-02-18 11:06:13,348 - INFO - **********关闭浏览器，结束测试**********


2022-02-18 11:06:16,348 - INFO - ----强制等待3s----


2022-02-18 11:06:18,437 - INFO - send_email success
2022-02-18 11:06:50,411 - INFO - **********打开浏览器，开始测试**********
2022-02-18 11:06:50,533 - INFO - 刷新页面
2022-02-18 11:06:50,533 - INFO - 

--------------执行测试: 测试输入错误验证码登录失败 ---------------
2022-02-18 11:06:50,605 - INFO - 输入用户名 admin
2022-02-18 11:06:50,709 - INFO - 输入密码 12345678
2022-02-18 11:06:50,785 - INFO - 输入验证码 666 
2022-02-18 11:06:50,857 - INFO - 点击登录按钮
2022-02-18 11:06:50,857 - INFO - 开始断言
2022-02-18 11:06:51,397 - INFO - 测试通过
2022-02-18 11:06:51,397 - INFO - 
--------------执行完毕: 测试输入错误验证码登录失败 ---------------

2022-02-18 11:06:51,485 - INFO - 刷新页面
2022-02-18 11:06:51,485 - INFO - 

--------------执行测试: 测试输入验证码为空登录失败 ---------------
2022-02-18 11:06:51,547 - INFO - 输入用户名 icoin
2022-02-18 11:06:51,639 - INFO - 输入密码 654321
2022-02-18 11:06:51,703 - INFO - 输入验证码  
2022-02-18 11:06:51,776 - INFO - 点击登录按钮
2022-02-18 11:06:51,776 - INFO - 开始断言
2022-02-18 11:06:52,298 - INFO - 测试通过
2022-02-18 11:06:52,298 - INFO - 
--------------执行完毕: 测试输入验证码为空登录失败 ---------------

2022-02-18 11:06:52,382 - INFO - 刷新页面
2022-02-18 11:06:52,382 - INFO - 

--------------执行测试: 测试输入用户名为空登录失败 ---------------
2022-02-18 11:06:52,429 - INFO - 输入用户名 
2022-02-18 11:06:52,520 - INFO - 输入密码 123456
2022-02-18 11:06:52,609 - INFO - 输入验证码 6666 
2022-02-18 11:06:52,670 - INFO - 点击登录按钮
2022-02-18 11:06:52,670 - INFO - 开始断言
2022-02-18 11:06:52,693 - INFO - 测试通过
2022-02-18 11:06:52,693 - INFO - 
--------------执行完毕: 测试输入用户名为空登录失败 ---------------

2022-02-18 11:06:52,787 - INFO - 刷新页面
2022-02-18 11:06:52,787 - INFO - 

--------------执行测试: 测试输入密码为空登录失败 ---------------
2022-02-18 11:06:52,846 - INFO - 输入用户名 icoin
2022-02-18 11:06:52,911 - INFO - 输入密码 
2022-02-18 11:06:53,013 - INFO - 输入验证码 66666 
2022-02-18 11:06:53,068 - INFO - 点击登录按钮
2022-02-18 11:06:53,068 - INFO - 开始断言
2022-02-18 11:06:53,097 - INFO - 测试通过
2022-02-18 11:06:53,097 - INFO - 
--------------执行完毕: 测试输入密码为空登录失败 ---------------

2022-02-18 11:06:53,186 - INFO - 刷新页面
2022-02-18 11:06:53,186 - INFO - 
--------------执行测试: 测试登录成功 ---------------
2022-02-18 11:06:53,252 - INFO - 输入用户名 icoin
2022-02-18 11:06:53,338 - INFO - 输入密码 123456
2022-02-18 11:06:53,806 - INFO - 输入验证码 9527 
2022-02-18 11:06:53,865 - INFO - 点击登录按钮
2022-02-18 11:06:53,865 - INFO - 开始断言
2022-02-18 11:06:54,396 - INFO - 测试通过
2022-02-18 11:06:54,396 - INFO - 
--------------执行完毕: 测试登录成功 ---------------

2022-02-18 11:06:56,572 - INFO - **********关闭浏览器，结束测试**********


2022-02-18 11:06:59,573 - INFO - ----强制等待3s----


2022-02-18 11:07:00,742 - INFO - **********打开浏览器，开始测试**********
2022-02-18 11:07:00,742 - INFO - 

--------------执行测试: 测试进入用户管理 ---------------
2022-02-18 11:07:02,678 - INFO - 进入登录页面
2022-02-18 11:07:02,742 - INFO - 输入用户名 icoin
2022-02-18 11:07:02,838 - INFO - 输入密码 123456
2022-02-18 11:07:03,290 - INFO - 输入验证码 7595 
2022-02-18 11:07:03,343 - INFO - 点击登录按钮
2022-02-18 11:07:04,087 - INFO - 点击系统管理
2022-02-18 11:07:04,127 - INFO - 

--------------执行测试: 测试退出登录成功 ---------------
2022-02-18 11:07:04,252 - INFO - 点击头像
2022-02-18 11:07:04,846 - INFO - 点击logout
2022-02-18 11:07:04,914 - INFO - 点击确认退出按钮
2022-02-18 11:07:04,914 - INFO - 开始断言
2022-02-18 11:07:05,455 - INFO - 测试通过
2022-02-18 11:07:05,456 - INFO - 
--------------执行完毕: 测试退出登录成功 ---------------

2022-02-18 11:07:07,589 - INFO - **********关闭浏览器，结束测试**********


2022-02-18 11:07:10,589 - INFO - ----强制等待3s----


2022-02-18 11:07:12,721 - INFO - send_email success
2022-02-18 11:08:16,612 - INFO - **********打开浏览器，开始测试**********
2022-02-18 11:08:16,732 - INFO - 刷新页面
2022-02-18 11:08:16,732 - INFO - 

--------------执行测试: 测试输入错误验证码登录失败 ---------------
2022-02-18 11:08:16,794 - INFO - 输入用户名 admin
2022-02-18 11:08:16,854 - INFO - 输入密码 12345678
2022-02-18 11:08:16,908 - INFO - 输入验证码 666 
2022-02-18 11:08:16,990 - INFO - 点击登录按钮
2022-02-18 11:08:16,990 - INFO - 开始断言
2022-02-18 11:08:17,057 - ERROR - 测试未通过 '' != 'Verification code expired'
+ Verification code expired
Traceback (most recent call last):
  File "E:\Study\pythonProject\pythonProject\my_selenium_project\testcases\test01_AdminLogin.py", line 56, in test1_login_failed
    self.assertEqual(result.text, login.get('expected'))
  File "C:\Program Files\Python38\lib\unittest\case.py", line 912, in assertEqual
    assertion_func(first, second, msg=msg)
  File "C:\Program Files\Python38\lib\unittest\case.py", line 1292, in assertMultiLineEqual
    self.fail(self._formatMessage(msg, standardMsg))
  File "C:\Program Files\Python38\lib\unittest\case.py", line 753, in fail
    raise self.failureException(msg)
AssertionError: '' != 'Verification code expired'
+ Verification code expired
2022-02-18 11:08:17,190 - INFO - 刷新页面
2022-02-18 11:08:17,190 - INFO - 

--------------执行测试: 测试输入验证码为空登录失败 ---------------
2022-02-18 11:08:17,249 - INFO - 输入用户名 icoin
2022-02-18 11:08:17,297 - INFO - 输入密码 654321
2022-02-18 11:08:17,340 - INFO - 输入验证码  
2022-02-18 11:08:17,382 - INFO - 点击登录按钮
2022-02-18 11:08:17,382 - INFO - 开始断言
2022-02-18 11:08:17,901 - INFO - 测试通过
2022-02-18 11:08:17,901 - INFO - 
--------------执行完毕: 测试输入验证码为空登录失败 ---------------

2022-02-18 11:08:17,988 - INFO - 刷新页面
2022-02-18 11:08:17,988 - INFO - 

--------------执行测试: 测试输入用户名为空登录失败 ---------------
2022-02-18 11:08:18,033 - INFO - 输入用户名 
2022-02-18 11:08:18,084 - INFO - 输入密码 123456
2022-02-18 11:08:18,139 - INFO - 输入验证码 6666 
2022-02-18 11:08:18,179 - INFO - 点击登录按钮
2022-02-18 11:08:18,179 - INFO - 开始断言
2022-02-18 11:08:18,204 - INFO - 测试通过
2022-02-18 11:08:18,204 - INFO - 
--------------执行完毕: 测试输入用户名为空登录失败 ---------------

2022-02-18 11:08:18,289 - INFO - 刷新页面
2022-02-18 11:08:18,290 - INFO - 

--------------执行测试: 测试输入密码为空登录失败 ---------------
2022-02-18 11:08:18,345 - INFO - 输入用户名 icoin
2022-02-18 11:08:18,391 - INFO - 输入密码 
2022-02-18 11:08:18,443 - INFO - 输入验证码 66666 
2022-02-18 11:08:18,490 - INFO - 点击登录按钮
2022-02-18 11:08:18,490 - INFO - 开始断言
2022-02-18 11:08:18,524 - INFO - 测试通过
2022-02-18 11:08:18,524 - INFO - 
--------------执行完毕: 测试输入密码为空登录失败 ---------------

2022-02-18 11:08:18,616 - INFO - 刷新页面
2022-02-18 11:08:18,616 - INFO - 
--------------执行测试: 测试登录成功 ---------------
2022-02-18 11:08:18,677 - INFO - 输入用户名 icoin
2022-02-18 11:08:18,731 - INFO - 输入密码 123456
2022-02-18 11:08:19,173 - INFO - 输入验证码 3574 
2022-02-18 11:08:19,329 - INFO - 点击登录按钮
2022-02-18 11:08:19,330 - INFO - 开始断言
2022-02-18 11:08:19,921 - INFO - 测试通过
2022-02-18 11:08:19,922 - INFO - 
--------------执行完毕: 测试登录成功 ---------------

2022-02-18 11:08:22,058 - INFO - **********关闭浏览器，结束测试**********


2022-02-18 11:08:25,058 - INFO - ----强制等待3s----


2022-02-18 11:08:26,263 - INFO - **********打开浏览器，开始测试**********
2022-02-18 11:08:26,263 - INFO - 

--------------执行测试: 测试进入用户管理 ---------------
2022-02-18 11:08:27,991 - INFO - 进入登录页面
2022-02-18 11:08:28,054 - INFO - 输入用户名 icoin
2022-02-18 11:08:28,118 - INFO - 输入密码 123456
2022-02-18 11:08:28,543 - INFO - 输入验证码 6549 
2022-02-18 11:08:28,599 - INFO - 点击登录按钮
2022-02-18 11:08:29,198 - INFO - 点击系统管理
2022-02-18 11:08:30,292 - INFO - 点击用户管理
2022-02-18 11:08:30,292 - INFO - 开始断言
2022-02-18 11:08:30,922 - ERROR - 测试未通过 '' != '输入名称或者邮箱搜索'
+ 输入名称或者邮箱搜索
Traceback (most recent call last):
  File "E:\Study\pythonProject\pythonProject\my_selenium_project\testcases\test02_Home.py", line 61, in test01_enter_user_manage
    self.assertEqual(result.text, home.get('expected'))
  File "C:\Program Files\Python38\lib\unittest\case.py", line 912, in assertEqual
    assertion_func(first, second, msg=msg)
  File "C:\Program Files\Python38\lib\unittest\case.py", line 1292, in assertMultiLineEqual
    self.fail(self._formatMessage(msg, standardMsg))
  File "C:\Program Files\Python38\lib\unittest\case.py", line 753, in fail
    raise self.failureException(msg)
AssertionError: '' != '输入名称或者邮箱搜索'
+ 输入名称或者邮箱搜索
2022-02-18 11:08:30,923 - INFO - 

--------------执行测试: 测试退出登录成功 ---------------
2022-02-18 11:08:31,085 - INFO - 点击头像
2022-02-18 11:08:31,646 - INFO - 点击logout
2022-02-18 11:08:33,773 - INFO - **********关闭浏览器，结束测试**********


2022-02-18 11:08:36,773 - INFO - ----强制等待3s----


2022-02-18 11:08:38,757 - INFO - send_email success
2022-02-18 11:11:24,250 - INFO - **********打开浏览器，开始测试**********
2022-02-18 11:11:24,372 - INFO - 刷新页面
2022-02-18 11:11:24,373 - INFO - 

--------------执行测试: 测试输入错误验证码登录失败 ---------------
2022-02-18 11:11:24,438 - INFO - 输入用户名 admin
2022-02-18 11:11:24,504 - INFO - 输入密码 12345678
2022-02-18 11:11:24,559 - INFO - 输入验证码 666 
2022-02-18 11:11:24,616 - INFO - 点击登录按钮
2022-02-18 11:11:24,616 - INFO - 开始断言
2022-02-18 11:11:25,144 - INFO - 测试通过
2022-02-18 11:11:25,144 - INFO - 
--------------执行完毕: 测试输入错误验证码登录失败 ---------------

2022-02-18 11:11:25,243 - INFO - 刷新页面
2022-02-18 11:11:25,243 - INFO - 

--------------执行测试: 测试输入验证码为空登录失败 ---------------
2022-02-18 11:11:25,298 - INFO - 输入用户名 icoin
2022-02-18 11:11:25,354 - INFO - 输入密码 654321
2022-02-18 11:11:25,407 - INFO - 输入验证码  
2022-02-18 11:11:25,463 - INFO - 点击登录按钮
2022-02-18 11:11:25,463 - INFO - 开始断言
2022-02-18 11:11:25,984 - INFO - 测试通过
2022-02-18 11:11:25,984 - INFO - 
--------------执行完毕: 测试输入验证码为空登录失败 ---------------

2022-02-18 11:11:26,069 - INFO - 刷新页面
2022-02-18 11:11:26,069 - INFO - 

--------------执行测试: 测试输入用户名为空登录失败 ---------------
2022-02-18 11:11:26,115 - INFO - 输入用户名 
2022-02-18 11:11:26,172 - INFO - 输入密码 123456
2022-02-18 11:11:26,223 - INFO - 输入验证码 6666 
2022-02-18 11:11:26,267 - INFO - 点击登录按钮
2022-02-18 11:11:26,268 - INFO - 开始断言
2022-02-18 11:11:26,289 - INFO - 测试通过
2022-02-18 11:11:26,289 - INFO - 
--------------执行完毕: 测试输入用户名为空登录失败 ---------------

2022-02-18 11:11:26,394 - INFO - 刷新页面
2022-02-18 11:11:26,395 - INFO - 

--------------执行测试: 测试输入密码为空登录失败 ---------------
2022-02-18 11:11:26,470 - INFO - 输入用户名 icoin
2022-02-18 11:11:26,515 - INFO - 输入密码 
2022-02-18 11:11:26,570 - INFO - 输入验证码 66666 
2022-02-18 11:11:26,612 - INFO - 点击登录按钮
2022-02-18 11:11:26,613 - INFO - 开始断言
2022-02-18 11:11:26,641 - INFO - 测试通过
2022-02-18 11:11:26,641 - INFO - 
--------------执行完毕: 测试输入密码为空登录失败 ---------------

2022-02-18 11:11:26,738 - INFO - 刷新页面
2022-02-18 11:11:26,738 - INFO - 
--------------执行测试: 测试登录成功 ---------------
2022-02-18 11:11:26,800 - INFO - 输入用户名 icoin
2022-02-18 11:11:26,854 - INFO - 输入密码 123456
2022-02-18 11:11:27,128 - INFO - 输入验证码 6463 
2022-02-18 11:11:27,173 - INFO - 点击登录按钮
2022-02-18 11:11:27,173 - INFO - 开始断言
2022-02-18 11:11:27,759 - INFO - 测试通过
2022-02-18 11:11:27,760 - INFO - 
--------------执行完毕: 测试登录成功 ---------------

2022-02-18 11:11:29,859 - INFO - **********关闭浏览器，结束测试**********


2022-02-18 11:11:32,860 - INFO - ----强制等待3s----


2022-02-18 11:11:34,167 - INFO - **********打开浏览器，开始测试**********
2022-02-18 11:11:34,167 - INFO - 

--------------执行测试: 测试进入用户管理 ---------------
2022-02-18 11:11:36,025 - INFO - 进入登录页面
2022-02-18 11:11:36,083 - INFO - 输入用户名 icoin
2022-02-18 11:11:36,145 - INFO - 输入密码 123456
2022-02-18 11:11:36,433 - INFO - 输入验证码 5953 
2022-02-18 11:11:36,517 - INFO - 点击登录按钮
2022-02-18 11:11:37,405 - INFO - 点击系统管理
2022-02-18 11:11:40,464 - INFO - 点击用户管理
2022-02-18 11:11:43,464 - INFO - 开始断言
2022-02-18 11:11:43,485 - ERROR - 测试未通过 '' != '批量导入'
+ 批量导入
Traceback (most recent call last):
  File "E:\Study\pythonProject\pythonProject\my_selenium_project\testcases\test02_Home.py", line 61, in test01_enter_user_manage
    self.assertEqual(result.text, home.get('expected'))
  File "C:\Program Files\Python38\lib\unittest\case.py", line 912, in assertEqual
    assertion_func(first, second, msg=msg)
  File "C:\Program Files\Python38\lib\unittest\case.py", line 1292, in assertMultiLineEqual
    self.fail(self._formatMessage(msg, standardMsg))
  File "C:\Program Files\Python38\lib\unittest\case.py", line 753, in fail
    raise self.failureException(msg)
AssertionError: '' != '批量导入'
+ 批量导入
2022-02-18 11:11:43,488 - INFO - 

--------------执行测试: 测试退出登录成功 ---------------
2022-02-18 11:11:43,524 - INFO - 点击头像
2022-02-18 11:11:44,091 - INFO - 点击logout
2022-02-18 11:11:46,211 - INFO - **********关闭浏览器，结束测试**********


2022-02-18 11:11:49,212 - INFO - ----强制等待3s----


2022-02-18 11:11:52,037 - INFO - send_email success
2022-02-18 11:32:50,956 - INFO - **********打开浏览器，开始测试**********
2022-02-18 11:32:51,093 - INFO - 刷新页面
2022-02-18 11:32:51,093 - INFO - 

--------------执行测试: 测试输入错误验证码登录失败 ---------------
2022-02-18 11:32:51,160 - INFO - 输入用户名 admin
2022-02-18 11:32:51,222 - INFO - 输入密码 12345678
2022-02-18 11:32:51,276 - INFO - 输入验证码 666 
2022-02-18 11:32:51,348 - INFO - 点击登录按钮
2022-02-18 11:32:51,348 - INFO - 开始断言
2022-02-18 11:32:51,896 - INFO - 测试通过
2022-02-18 11:32:51,897 - INFO - 
--------------执行完毕: 测试输入错误验证码登录失败 ---------------

2022-02-18 11:32:51,996 - INFO - 刷新页面
2022-02-18 11:32:51,996 - INFO - 

--------------执行测试: 测试输入验证码为空登录失败 ---------------
2022-02-18 11:32:52,052 - INFO - 输入用户名 icoin
2022-02-18 11:32:52,107 - INFO - 输入密码 654321
2022-02-18 11:32:52,151 - INFO - 输入验证码  
2022-02-18 11:32:52,199 - INFO - 点击登录按钮
2022-02-18 11:32:52,199 - INFO - 开始断言
2022-02-18 11:32:52,718 - INFO - 测试通过
2022-02-18 11:32:52,718 - INFO - 
--------------执行完毕: 测试输入验证码为空登录失败 ---------------

2022-02-18 11:32:52,803 - INFO - 刷新页面
2022-02-18 11:32:52,803 - INFO - 

--------------执行测试: 测试输入用户名为空登录失败 ---------------
2022-02-18 11:32:52,849 - INFO - 输入用户名 
2022-02-18 11:32:52,904 - INFO - 输入密码 123456
2022-02-18 11:32:52,961 - INFO - 输入验证码 6666 
2022-02-18 11:32:53,006 - INFO - 点击登录按钮
2022-02-18 11:32:53,006 - INFO - 开始断言
2022-02-18 11:32:53,028 - INFO - 测试通过
2022-02-18 11:32:53,028 - INFO - 
--------------执行完毕: 测试输入用户名为空登录失败 ---------------

2022-02-18 11:32:53,117 - INFO - 刷新页面
2022-02-18 11:32:53,118 - INFO - 

--------------执行测试: 测试输入密码为空登录失败 ---------------
2022-02-18 11:32:53,175 - INFO - 输入用户名 icoin
2022-02-18 11:32:53,221 - INFO - 输入密码 
2022-02-18 11:32:53,277 - INFO - 输入验证码 66666 
2022-02-18 11:32:53,324 - INFO - 点击登录按钮
2022-02-18 11:32:53,324 - INFO - 开始断言
2022-02-18 11:32:53,350 - INFO - 测试通过
2022-02-18 11:32:53,350 - INFO - 
--------------执行完毕: 测试输入密码为空登录失败 ---------------

2022-02-18 11:32:53,440 - INFO - 刷新页面
2022-02-18 11:32:53,440 - INFO - 
--------------执行测试: 测试登录成功 ---------------
2022-02-18 11:32:53,504 - INFO - 输入用户名 icoin
2022-02-18 11:32:53,560 - INFO - 输入密码 123456
2022-02-18 11:32:53,867 - INFO - 输入验证码 4375 
2022-02-18 11:32:53,913 - INFO - 点击登录按钮
2022-02-18 11:32:53,913 - INFO - 开始断言
2022-02-18 11:32:54,515 - INFO - 测试通过
2022-02-18 11:32:54,516 - INFO - 
--------------执行完毕: 测试登录成功 ---------------

2022-02-18 11:32:56,631 - INFO - **********关闭浏览器，结束测试**********


2022-02-18 11:32:59,631 - INFO - ----强制等待3s----


2022-02-18 11:33:00,933 - INFO - **********打开浏览器，开始测试**********
2022-02-18 11:33:00,934 - INFO - 

--------------执行测试: 测试进入用户管理 ---------------
2022-02-18 11:33:02,851 - INFO - 进入登录页面
2022-02-18 11:33:02,909 - INFO - 输入用户名 icoin
2022-02-18 11:33:02,981 - INFO - 输入密码 123456
2022-02-18 11:33:03,227 - INFO - 输入验证码 5246 
2022-02-18 11:33:03,280 - INFO - 点击登录按钮
2022-02-18 11:33:04,249 - INFO - 点击系统管理
2022-02-18 11:33:07,306 - INFO - 点击用户管理
2022-02-18 11:33:10,307 - INFO - 开始断言
2022-02-18 11:33:10,316 - INFO - 测试通过
2022-02-18 11:33:10,316 - INFO - 
--------------执行完毕: 测试进入用户管理 ---------------

2022-02-18 11:33:10,317 - INFO - 

--------------执行测试: 测试退出登录成功 ---------------
2022-02-18 11:33:10,353 - INFO - 点击头像
2022-02-18 11:33:10,920 - INFO - 点击logout
2022-02-18 11:33:13,051 - INFO - **********关闭浏览器，结束测试**********


2022-02-18 11:33:16,051 - INFO - ----强制等待3s----


2022-02-18 11:33:48,860 - INFO - **********打开浏览器，开始测试**********
2022-02-18 11:33:48,990 - INFO - 刷新页面
2022-02-18 11:33:48,990 - INFO - 

--------------执行测试: 测试输入错误验证码登录失败 ---------------
2022-02-18 11:33:49,066 - INFO - 输入用户名 admin
2022-02-18 11:33:49,134 - INFO - 输入密码 12345678
2022-02-18 11:33:49,200 - INFO - 输入验证码 666 
2022-02-18 11:33:49,297 - INFO - 点击登录按钮
2022-02-18 11:33:49,297 - INFO - 开始断言
2022-02-18 11:33:49,383 - ERROR - 测试未通过 '' != 'Verification code expired'
+ Verification code expired
Traceback (most recent call last):
  File "E:\Study\pythonProject\pythonProject\my_selenium_project\testcases\test01_AdminLogin.py", line 56, in test1_login_failed
    self.assertEqual(result.text, login.get('expected'))
  File "C:\Program Files\Python38\lib\unittest\case.py", line 912, in assertEqual
    assertion_func(first, second, msg=msg)
  File "C:\Program Files\Python38\lib\unittest\case.py", line 1292, in assertMultiLineEqual
    self.fail(self._formatMessage(msg, standardMsg))
  File "C:\Program Files\Python38\lib\unittest\case.py", line 753, in fail
    raise self.failureException(msg)
AssertionError: '' != 'Verification code expired'
+ Verification code expired
2022-02-18 11:33:49,490 - INFO - 刷新页面
2022-02-18 11:33:49,490 - INFO - 

--------------执行测试: 测试输入验证码为空登录失败 ---------------
2022-02-18 11:33:49,558 - INFO - 输入用户名 icoin
2022-02-18 11:33:49,619 - INFO - 输入密码 654321
2022-02-18 11:33:49,663 - INFO - 输入验证码  
2022-02-18 11:33:49,714 - INFO - 点击登录按钮
2022-02-18 11:33:49,715 - INFO - 开始断言
2022-02-18 11:33:50,234 - INFO - 测试通过
2022-02-18 11:33:50,234 - INFO - 
--------------执行完毕: 测试输入验证码为空登录失败 ---------------

2022-02-18 11:33:50,318 - INFO - 刷新页面
2022-02-18 11:33:50,319 - INFO - 

--------------执行测试: 测试输入用户名为空登录失败 ---------------
2022-02-18 11:33:50,364 - INFO - 输入用户名 
2022-02-18 11:33:50,419 - INFO - 输入密码 123456
2022-02-18 11:33:50,478 - INFO - 输入验证码 6666 
2022-02-18 11:33:50,545 - INFO - 点击登录按钮
2022-02-18 11:33:50,545 - INFO - 开始断言
2022-02-18 11:33:50,573 - INFO - 测试通过
2022-02-18 11:33:50,573 - INFO - 
--------------执行完毕: 测试输入用户名为空登录失败 ---------------

2022-02-18 11:33:50,670 - INFO - 刷新页面
2022-02-18 11:33:50,670 - INFO - 

--------------执行测试: 测试输入密码为空登录失败 ---------------
2022-02-18 11:33:50,730 - INFO - 输入用户名 icoin
2022-02-18 11:33:50,775 - INFO - 输入密码 
2022-02-18 11:33:50,829 - INFO - 输入验证码 66666 
2022-02-18 11:33:50,868 - INFO - 点击登录按钮
2022-02-18 11:33:50,868 - INFO - 开始断言
2022-02-18 11:33:50,890 - INFO - 测试通过
2022-02-18 11:33:50,890 - INFO - 
--------------执行完毕: 测试输入密码为空登录失败 ---------------

2022-02-18 11:33:50,985 - INFO - 刷新页面
2022-02-18 11:33:50,985 - INFO - 
--------------执行测试: 测试登录成功 ---------------
2022-02-18 11:33:51,048 - INFO - 输入用户名 icoin
2022-02-18 11:33:51,098 - INFO - 输入密码 123456
2022-02-18 11:33:51,519 - INFO - 输入验证码 5758 
2022-02-18 11:33:51,579 - INFO - 点击登录按钮
2022-02-18 11:33:51,579 - INFO - 开始断言
2022-02-18 11:33:52,116 - INFO - 测试通过
2022-02-18 11:33:52,116 - INFO - 
--------------执行完毕: 测试登录成功 ---------------

2022-02-18 11:33:54,223 - INFO - **********关闭浏览器，结束测试**********


2022-02-18 11:33:57,223 - INFO - ----强制等待3s----


2022-02-18 11:33:58,504 - INFO - **********打开浏览器，开始测试**********
2022-02-18 11:33:58,504 - INFO - 

--------------执行测试: 测试进入用户管理 ---------------
2022-02-18 11:34:00,214 - INFO - 进入登录页面
2022-02-18 11:34:00,271 - INFO - 输入用户名 icoin
2022-02-18 11:34:00,331 - INFO - 输入密码 123456
2022-02-18 11:34:00,755 - INFO - 输入验证码 8256 
2022-02-18 11:34:00,809 - INFO - 点击登录按钮
2022-02-18 11:34:01,672 - INFO - 点击系统管理
2022-02-18 11:34:04,728 - INFO - 点击用户管理
2022-02-18 11:34:07,728 - INFO - 开始断言
2022-02-18 11:34:07,739 - ERROR - 测试未通过 <selenium.webdriver.remote.webelement.WebElement (session="296dd0e3f8c33f3fd0ae14437cc8aa37", element="d6fdbc82-110b-4c6b-b9f2-e9626a24e28f")> is not None
Traceback (most recent call last):
  File "E:\Study\pythonProject\pythonProject\my_selenium_project\testcases\test02_Home.py", line 61, in test01_enter_user_manage
    self.assertIsNone(result)
  File "C:\Program Files\Python38\lib\unittest\case.py", line 1322, in assertIsNone
    self.fail(self._formatMessage(msg, standardMsg))
  File "C:\Program Files\Python38\lib\unittest\case.py", line 753, in fail
    raise self.failureException(msg)
AssertionError: <selenium.webdriver.remote.webelement.WebElement (session="296dd0e3f8c33f3fd0ae14437cc8aa37", element="d6fdbc82-110b-4c6b-b9f2-e9626a24e28f")> is not None
2022-02-18 11:34:07,740 - INFO - 

--------------执行测试: 测试退出登录成功 ---------------
2022-02-18 11:34:07,801 - INFO - 点击头像
2022-02-18 11:34:08,371 - INFO - 点击logout
2022-02-18 11:34:10,502 - INFO - **********关闭浏览器，结束测试**********


2022-02-18 11:34:13,502 - INFO - ----强制等待3s----


2022-02-18 11:35:34,281 - INFO - **********打开浏览器，开始测试**********
2022-02-18 11:35:34,474 - INFO - 刷新页面
2022-02-18 11:35:34,474 - INFO - 

--------------执行测试: 测试输入错误验证码登录失败 ---------------
2022-02-18 11:35:34,562 - INFO - 输入用户名 admin
2022-02-18 11:35:34,626 - INFO - 输入密码 12345678
2022-02-18 11:35:34,682 - INFO - 输入验证码 666 
2022-02-18 11:35:34,739 - INFO - 点击登录按钮
2022-02-18 11:35:34,739 - INFO - 开始断言
2022-02-18 11:35:35,265 - INFO - 测试通过
2022-02-18 11:35:35,266 - INFO - 
--------------执行完毕: 测试输入错误验证码登录失败 ---------------

2022-02-18 11:35:35,354 - INFO - 刷新页面
2022-02-18 11:35:35,354 - INFO - 

--------------执行测试: 测试输入验证码为空登录失败 ---------------
2022-02-18 11:35:35,410 - INFO - 输入用户名 icoin
2022-02-18 11:35:35,464 - INFO - 输入密码 654321
2022-02-18 11:35:35,513 - INFO - 输入验证码  
2022-02-18 11:35:35,560 - INFO - 点击登录按钮
2022-02-18 11:35:35,560 - INFO - 开始断言
2022-02-18 11:35:36,080 - INFO - 测试通过
2022-02-18 11:35:36,080 - INFO - 
--------------执行完毕: 测试输入验证码为空登录失败 ---------------

2022-02-18 11:35:36,166 - INFO - 刷新页面
2022-02-18 11:35:36,166 - INFO - 

--------------执行测试: 测试输入用户名为空登录失败 ---------------
2022-02-18 11:35:36,217 - INFO - 输入用户名 
2022-02-18 11:35:36,271 - INFO - 输入密码 123456
2022-02-18 11:35:36,326 - INFO - 输入验证码 6666 
2022-02-18 11:35:36,391 - INFO - 点击登录按钮
2022-02-18 11:35:36,391 - INFO - 开始断言
2022-02-18 11:35:36,431 - INFO - 测试通过
2022-02-18 11:35:36,431 - INFO - 
--------------执行完毕: 测试输入用户名为空登录失败 ---------------

2022-02-18 11:35:36,445 - INFO - 刷新页面
2022-02-18 11:35:36,446 - INFO - 

--------------执行测试: 测试输入密码为空登录失败 ---------------
2022-02-18 11:35:36,606 - INFO - 输入用户名 icoin
2022-02-18 11:35:36,656 - INFO - 输入密码 
2022-02-18 11:35:36,707 - INFO - 输入验证码 66666 
2022-02-18 11:35:36,741 - INFO - 点击登录按钮
2022-02-18 11:35:36,741 - INFO - 开始断言
2022-02-18 11:35:36,766 - INFO - 测试通过
2022-02-18 11:35:36,766 - INFO - 
--------------执行完毕: 测试输入密码为空登录失败 ---------------

2022-02-18 11:35:36,857 - INFO - 刷新页面
2022-02-18 11:35:36,858 - INFO - 
--------------执行测试: 测试登录成功 ---------------
2022-02-18 11:35:36,920 - INFO - 输入用户名 icoin
2022-02-18 11:35:36,974 - INFO - 输入密码 123456
2022-02-18 11:35:37,414 - INFO - 输入验证码 3489 
2022-02-18 11:35:37,462 - INFO - 点击登录按钮
2022-02-18 11:35:37,463 - INFO - 开始断言
2022-02-18 11:35:38,008 - INFO - 测试通过
2022-02-18 11:35:38,008 - INFO - 
--------------执行完毕: 测试登录成功 ---------------

2022-02-18 11:35:40,115 - INFO - **********关闭浏览器，结束测试**********


2022-02-18 11:35:43,116 - INFO - ----强制等待3s----


2022-02-18 11:35:44,385 - INFO - **********打开浏览器，开始测试**********
2022-02-18 11:35:44,385 - INFO - 

--------------执行测试: 测试进入用户管理 ---------------
2022-02-18 11:35:46,029 - INFO - 进入登录页面
2022-02-18 11:35:46,099 - INFO - 输入用户名 icoin
2022-02-18 11:35:46,173 - INFO - 输入密码 123456
2022-02-18 11:35:46,662 - INFO - 输入验证码 8447 
2022-02-18 11:35:46,732 - INFO - 点击登录按钮
2022-02-18 11:35:47,370 - INFO - 点击系统管理
2022-02-18 11:35:47,972 - INFO - 点击用户管理
2022-02-18 11:35:47,972 - INFO - 开始断言
2022-02-18 11:35:48,603 - INFO - 测试通过
2022-02-18 11:35:48,604 - INFO - 
--------------执行完毕: 测试进入用户管理 ---------------

2022-02-18 11:35:48,604 - INFO - 

--------------执行测试: 测试退出登录成功 ---------------
2022-02-18 11:35:48,660 - INFO - 点击头像
2022-02-18 11:35:54,751 - INFO - 点击logout
2022-02-18 11:35:57,015 - INFO - **********关闭浏览器，结束测试**********


2022-02-18 11:36:00,015 - INFO - ----强制等待3s----


2022-02-18 11:37:18,298 - INFO - **********打开浏览器，开始测试**********
2022-02-18 11:37:18,420 - INFO - 刷新页面
2022-02-18 11:37:18,420 - INFO - 

--------------执行测试: 测试输入错误验证码登录失败 ---------------
2022-02-18 11:37:18,493 - INFO - 输入用户名 admin
2022-02-18 11:37:18,568 - INFO - 输入密码 12345678
2022-02-18 11:37:18,636 - INFO - 输入验证码 666 
2022-02-18 11:37:18,711 - INFO - 点击登录按钮
2022-02-18 11:37:18,711 - INFO - 开始断言
2022-02-18 11:37:18,758 - ERROR - 测试未通过 '' != 'Verification code expired'
+ Verification code expired
Traceback (most recent call last):
  File "E:\Study\pythonProject\pythonProject\my_selenium_project\testcases\test01_AdminLogin.py", line 56, in test1_login_failed
    self.assertEqual(result.text, login.get('expected'))
  File "C:\Program Files\Python38\lib\unittest\case.py", line 912, in assertEqual
    assertion_func(first, second, msg=msg)
  File "C:\Program Files\Python38\lib\unittest\case.py", line 1292, in assertMultiLineEqual
    self.fail(self._formatMessage(msg, standardMsg))
  File "C:\Program Files\Python38\lib\unittest\case.py", line 753, in fail
    raise self.failureException(msg)
AssertionError: '' != 'Verification code expired'
+ Verification code expired
2022-02-18 11:37:18,865 - INFO - 刷新页面
2022-02-18 11:37:18,865 - INFO - 

--------------执行测试: 测试输入验证码为空登录失败 ---------------
2022-02-18 11:37:18,923 - INFO - 输入用户名 icoin
2022-02-18 11:37:18,978 - INFO - 输入密码 654321
2022-02-18 11:37:19,024 - INFO - 输入验证码  
2022-02-18 11:37:19,072 - INFO - 点击登录按钮
2022-02-18 11:37:19,072 - INFO - 开始断言
2022-02-18 11:37:19,592 - INFO - 测试通过
2022-02-18 11:37:19,592 - INFO - 
--------------执行完毕: 测试输入验证码为空登录失败 ---------------

2022-02-18 11:37:19,676 - INFO - 刷新页面
2022-02-18 11:37:19,677 - INFO - 

--------------执行测试: 测试输入用户名为空登录失败 ---------------
2022-02-18 11:37:19,723 - INFO - 输入用户名 
2022-02-18 11:37:19,775 - INFO - 输入密码 123456
2022-02-18 11:37:19,846 - INFO - 输入验证码 6666 
2022-02-18 11:37:19,895 - INFO - 点击登录按钮
2022-02-18 11:37:19,895 - INFO - 开始断言
2022-02-18 11:37:19,935 - INFO - 测试通过
2022-02-18 11:37:19,935 - INFO - 
--------------执行完毕: 测试输入用户名为空登录失败 ---------------

2022-02-18 11:37:20,085 - INFO - 刷新页面
2022-02-18 11:37:20,085 - INFO - 

--------------执行测试: 测试输入密码为空登录失败 ---------------
2022-02-18 11:37:20,144 - INFO - 输入用户名 icoin
2022-02-18 11:37:20,191 - INFO - 输入密码 
2022-02-18 11:37:20,240 - INFO - 输入验证码 66666 
2022-02-18 11:37:20,278 - INFO - 点击登录按钮
2022-02-18 11:37:20,278 - INFO - 开始断言
2022-02-18 11:37:20,304 - INFO - 测试通过
2022-02-18 11:37:20,304 - INFO - 
--------------执行完毕: 测试输入密码为空登录失败 ---------------

2022-02-18 11:37:20,403 - INFO - 刷新页面
2022-02-18 11:37:20,403 - INFO - 
--------------执行测试: 测试登录成功 ---------------
2022-02-18 11:37:20,459 - INFO - 输入用户名 icoin
2022-02-18 11:37:20,512 - INFO - 输入密码 123456
2022-02-18 11:37:20,916 - INFO - 输入验证码 7348 
2022-02-18 11:37:20,976 - INFO - 点击登录按钮
2022-02-18 11:37:20,976 - INFO - 开始断言
2022-02-18 11:37:21,513 - INFO - 测试通过
2022-02-18 11:37:21,513 - INFO - 
--------------执行完毕: 测试登录成功 ---------------

2022-02-18 11:37:23,626 - INFO - **********关闭浏览器，结束测试**********


2022-02-18 11:37:26,626 - INFO - ----强制等待3s----


2022-02-18 11:37:27,839 - INFO - **********打开浏览器，开始测试**********
2022-02-18 11:37:27,839 - INFO - 

--------------执行测试: 测试进入用户管理 ---------------
2022-02-18 11:37:29,455 - INFO - 进入登录页面
2022-02-18 11:37:29,511 - INFO - 输入用户名 icoin
2022-02-18 11:37:29,566 - INFO - 输入密码 123456
2022-02-18 11:37:29,988 - INFO - 输入验证码 3576 
2022-02-18 11:37:30,041 - INFO - 点击登录按钮
2022-02-18 11:37:31,193 - INFO - 点击系统管理
2022-02-18 11:37:31,321 - INFO - 点击用户管理
2022-02-18 11:37:31,321 - INFO - 开始断言
2022-02-18 11:37:31,950 - INFO - 测试通过
2022-02-18 11:37:31,950 - INFO - 
--------------执行完毕: 测试进入用户管理 ---------------

2022-02-18 11:37:31,950 - INFO - 

--------------执行测试: 测试退出登录成功 ---------------
2022-02-18 11:37:32,003 - INFO - 点击头像
2022-02-18 11:37:32,197 - INFO - 点击logout
2022-02-18 11:37:37,308 - INFO - **********关闭浏览器，结束测试**********


2022-02-18 11:37:40,309 - INFO - ----强制等待3s----


2022-02-18 11:38:54,905 - INFO - **********打开浏览器，开始测试**********
2022-02-18 11:38:55,034 - INFO - 刷新页面
2022-02-18 11:38:55,034 - INFO - 

--------------执行测试: 测试输入错误验证码登录失败 ---------------
2022-02-18 11:38:55,114 - INFO - 输入用户名 admin
2022-02-18 11:38:55,204 - INFO - 输入密码 12345678
2022-02-18 11:38:55,261 - INFO - 输入验证码 666 
2022-02-18 11:38:55,319 - INFO - 点击登录按钮
2022-02-18 11:38:55,319 - INFO - 开始断言
2022-02-18 11:38:55,845 - INFO - 测试通过
2022-02-18 11:38:55,845 - INFO - 
--------------执行完毕: 测试输入错误验证码登录失败 ---------------

2022-02-18 11:38:55,975 - INFO - 刷新页面
2022-02-18 11:38:55,975 - INFO - 

--------------执行测试: 测试输入验证码为空登录失败 ---------------
2022-02-18 11:38:56,048 - INFO - 输入用户名 icoin
2022-02-18 11:38:56,101 - INFO - 输入密码 654321
2022-02-18 11:38:56,143 - INFO - 输入验证码  
2022-02-18 11:38:56,190 - INFO - 点击登录按钮
2022-02-18 11:38:56,190 - INFO - 开始断言
2022-02-18 11:38:56,709 - INFO - 测试通过
2022-02-18 11:38:56,709 - INFO - 
--------------执行完毕: 测试输入验证码为空登录失败 ---------------

2022-02-18 11:38:56,793 - INFO - 刷新页面
2022-02-18 11:38:56,793 - INFO - 

--------------执行测试: 测试输入用户名为空登录失败 ---------------
2022-02-18 11:38:56,840 - INFO - 输入用户名 
2022-02-18 11:38:56,903 - INFO - 输入密码 123456
2022-02-18 11:38:56,966 - INFO - 输入验证码 6666 
2022-02-18 11:38:57,019 - INFO - 点击登录按钮
2022-02-18 11:38:57,019 - INFO - 开始断言
2022-02-18 11:38:57,054 - INFO - 测试通过
2022-02-18 11:38:57,054 - INFO - 
--------------执行完毕: 测试输入用户名为空登录失败 ---------------

2022-02-18 11:38:57,147 - INFO - 刷新页面
2022-02-18 11:38:57,147 - INFO - 

--------------执行测试: 测试输入密码为空登录失败 ---------------
2022-02-18 11:38:57,212 - INFO - 输入用户名 icoin
2022-02-18 11:38:57,257 - INFO - 输入密码 
2022-02-18 11:38:57,317 - INFO - 输入验证码 66666 
2022-02-18 11:38:57,350 - INFO - 点击登录按钮
2022-02-18 11:38:57,351 - INFO - 开始断言
2022-02-18 11:38:57,375 - INFO - 测试通过
2022-02-18 11:38:57,375 - INFO - 
--------------执行完毕: 测试输入密码为空登录失败 ---------------

2022-02-18 11:38:57,469 - INFO - 刷新页面
2022-02-18 11:38:57,469 - INFO - 
--------------执行测试: 测试登录成功 ---------------
2022-02-18 11:38:57,530 - INFO - 输入用户名 icoin
2022-02-18 11:38:57,585 - INFO - 输入密码 123456
2022-02-18 11:38:58,002 - INFO - 输入验证码 8978 
2022-02-18 11:38:58,051 - INFO - 点击登录按钮
2022-02-18 11:38:58,051 - INFO - 开始断言
2022-02-18 11:38:58,628 - INFO - 测试通过
2022-02-18 11:38:58,628 - INFO - 
--------------执行完毕: 测试登录成功 ---------------

2022-02-18 11:39:00,755 - INFO - **********关闭浏览器，结束测试**********


2022-02-18 11:39:03,755 - INFO - ----强制等待3s----


2022-02-18 11:39:05,102 - INFO - **********打开浏览器，开始测试**********
2022-02-18 11:39:05,102 - INFO - 

--------------执行测试: 测试进入用户管理 ---------------
2022-02-18 11:39:06,875 - INFO - 进入登录页面
2022-02-18 11:39:06,931 - INFO - 输入用户名 icoin
2022-02-18 11:39:06,987 - INFO - 输入密码 123456
2022-02-18 11:39:07,428 - INFO - 输入验证码 9358 
2022-02-18 11:39:07,479 - INFO - 点击登录按钮
2022-02-18 11:39:08,534 - INFO - 点击系统管理
2022-02-18 11:39:08,726 - INFO - 点击用户管理
2022-02-18 11:39:08,726 - INFO - 开始断言
2022-02-18 11:39:09,491 - INFO - 测试通过
2022-02-18 11:39:09,491 - INFO - 
--------------执行完毕: 测试进入用户管理 ---------------

2022-02-18 11:39:09,492 - INFO - 

--------------执行测试: 测试退出登录成功 ---------------
2022-02-18 11:39:09,735 - INFO - 点击头像
2022-02-18 11:39:09,877 - INFO - 点击logout
2022-02-18 11:39:25,068 - ERROR - 元素定位失败: Message: 
 
2022-02-18 11:39:27,160 - INFO - **********关闭浏览器，结束测试**********


2022-02-18 11:39:30,160 - INFO - ----强制等待3s----


2022-02-18 11:40:42,873 - INFO - **********打开浏览器，开始测试**********
2022-02-18 11:40:42,997 - INFO - 刷新页面
2022-02-18 11:40:42,997 - INFO - 

--------------执行测试: 测试输入错误验证码登录失败 ---------------
2022-02-18 11:40:43,064 - INFO - 输入用户名 admin
2022-02-18 11:40:43,129 - INFO - 输入密码 12345678
2022-02-18 11:40:43,182 - INFO - 输入验证码 666 
2022-02-18 11:40:43,248 - INFO - 点击登录按钮
2022-02-18 11:40:43,248 - INFO - 开始断言
2022-02-18 11:40:43,827 - INFO - 测试通过
2022-02-18 11:40:43,827 - INFO - 
--------------执行完毕: 测试输入错误验证码登录失败 ---------------

2022-02-18 11:40:43,916 - INFO - 刷新页面
2022-02-18 11:40:43,916 - INFO - 

--------------执行测试: 测试输入验证码为空登录失败 ---------------
2022-02-18 11:40:43,973 - INFO - 输入用户名 icoin
2022-02-18 11:40:44,028 - INFO - 输入密码 654321
2022-02-18 11:40:44,079 - INFO - 输入验证码  
2022-02-18 11:40:44,130 - INFO - 点击登录按钮
2022-02-18 11:40:44,130 - INFO - 开始断言
2022-02-18 11:40:44,650 - INFO - 测试通过
2022-02-18 11:40:44,650 - INFO - 
--------------执行完毕: 测试输入验证码为空登录失败 ---------------

2022-02-18 11:40:44,738 - INFO - 刷新页面
2022-02-18 11:40:44,738 - INFO - 

--------------执行测试: 测试输入用户名为空登录失败 ---------------
2022-02-18 11:40:44,784 - INFO - 输入用户名 
2022-02-18 11:40:44,840 - INFO - 输入密码 123456
2022-02-18 11:40:44,895 - INFO - 输入验证码 6666 
2022-02-18 11:40:44,938 - INFO - 点击登录按钮
2022-02-18 11:40:44,939 - INFO - 开始断言
2022-02-18 11:40:44,962 - INFO - 测试通过
2022-02-18 11:40:44,963 - INFO - 
--------------执行完毕: 测试输入用户名为空登录失败 ---------------

2022-02-18 11:40:45,053 - INFO - 刷新页面
2022-02-18 11:40:45,053 - INFO - 

--------------执行测试: 测试输入密码为空登录失败 ---------------
2022-02-18 11:40:45,115 - INFO - 输入用户名 icoin
2022-02-18 11:40:45,159 - INFO - 输入密码 
2022-02-18 11:40:45,220 - INFO - 输入验证码 66666 
2022-02-18 11:40:45,271 - INFO - 点击登录按钮
2022-02-18 11:40:45,271 - INFO - 开始断言
2022-02-18 11:40:45,299 - INFO - 测试通过
2022-02-18 11:40:45,299 - INFO - 
--------------执行完毕: 测试输入密码为空登录失败 ---------------

2022-02-18 11:40:45,391 - INFO - 刷新页面
2022-02-18 11:40:45,392 - INFO - 
--------------执行测试: 测试登录成功 ---------------
2022-02-18 11:40:45,455 - INFO - 输入用户名 icoin
2022-02-18 11:40:45,512 - INFO - 输入密码 123456
2022-02-18 11:40:45,950 - INFO - 输入验证码 6279 
2022-02-18 11:40:46,004 - INFO - 点击登录按钮
2022-02-18 11:40:46,004 - INFO - 开始断言
2022-02-18 11:40:46,570 - INFO - 测试通过
2022-02-18 11:40:46,570 - INFO - 
--------------执行完毕: 测试登录成功 ---------------

2022-02-18 11:40:48,679 - INFO - **********关闭浏览器，结束测试**********


2022-02-18 11:40:51,679 - INFO - ----强制等待3s----


2022-02-18 11:40:52,986 - INFO - **********打开浏览器，开始测试**********
2022-02-18 11:40:52,987 - INFO - 

--------------执行测试: 测试进入用户管理 ---------------
2022-02-18 11:40:54,775 - INFO - 进入登录页面
2022-02-18 11:40:54,831 - INFO - 输入用户名 icoin
2022-02-18 11:40:54,892 - INFO - 输入密码 123456
2022-02-18 11:40:55,268 - INFO - 输入验证码 9779 
2022-02-18 11:40:55,320 - INFO - 点击登录按钮
2022-02-18 11:40:56,467 - INFO - 点击系统管理
2022-02-18 11:40:56,719 - INFO - 点击用户管理
2022-02-18 11:40:56,719 - INFO - 开始断言
2022-02-18 11:40:57,393 - INFO - 测试通过
2022-02-18 11:40:57,393 - INFO - 
--------------执行完毕: 测试进入用户管理 ---------------

2022-02-18 11:40:57,394 - INFO - 

--------------执行测试: 测试退出登录成功 ---------------
2022-02-18 11:40:57,583 - INFO - 点击头像
2022-02-18 11:40:59,762 - INFO - **********关闭浏览器，结束测试**********


2022-02-18 11:41:02,762 - INFO - ----强制等待3s----


2022-02-18 11:41:31,599 - INFO - **********打开浏览器，开始测试**********
2022-02-18 11:41:31,726 - INFO - 刷新页面
2022-02-18 11:41:31,726 - INFO - 

--------------执行测试: 测试输入错误验证码登录失败 ---------------
2022-02-18 11:41:31,789 - INFO - 输入用户名 admin
2022-02-18 11:41:31,867 - INFO - 输入密码 12345678
2022-02-18 11:41:31,951 - INFO - 输入验证码 666 
2022-02-18 11:41:32,024 - INFO - 点击登录按钮
2022-02-18 11:41:32,024 - INFO - 开始断言
2022-02-18 11:41:32,552 - INFO - 测试通过
2022-02-18 11:41:32,552 - INFO - 
--------------执行完毕: 测试输入错误验证码登录失败 ---------------

2022-02-18 11:41:32,639 - INFO - 刷新页面
2022-02-18 11:41:32,639 - INFO - 

--------------执行测试: 测试输入验证码为空登录失败 ---------------
2022-02-18 11:41:32,695 - INFO - 输入用户名 icoin
2022-02-18 11:41:32,853 - INFO - 输入密码 654321
2022-02-18 11:41:33,043 - INFO - 输入验证码  
2022-02-18 11:41:33,164 - INFO - 点击登录按钮
2022-02-18 11:41:33,164 - INFO - 开始断言
2022-02-18 11:41:33,691 - INFO - 测试通过
2022-02-18 11:41:33,691 - INFO - 
--------------执行完毕: 测试输入验证码为空登录失败 ---------------

2022-02-18 11:41:33,823 - INFO - 刷新页面
2022-02-18 11:41:33,824 - INFO - 

--------------执行测试: 测试输入用户名为空登录失败 ---------------
2022-02-18 11:41:34,120 - INFO - 输入用户名 
2022-02-18 11:41:34,282 - INFO - 输入密码 123456
2022-02-18 11:41:34,631 - INFO - 输入验证码 6666 
2022-02-18 11:41:34,738 - INFO - 点击登录按钮
2022-02-18 11:41:34,738 - INFO - 开始断言
2022-02-18 11:41:34,797 - INFO - 测试通过
2022-02-18 11:41:34,797 - INFO - 
--------------执行完毕: 测试输入用户名为空登录失败 ---------------

2022-02-18 11:41:34,974 - INFO - 刷新页面
2022-02-18 11:41:34,974 - INFO - 

--------------执行测试: 测试输入密码为空登录失败 ---------------
2022-02-18 11:41:35,092 - INFO - 输入用户名 icoin
2022-02-18 11:41:35,266 - INFO - 输入密码 
2022-02-18 11:41:35,392 - INFO - 输入验证码 66666 
2022-02-18 11:41:35,472 - INFO - 点击登录按钮
2022-02-18 11:41:35,472 - INFO - 开始断言
2022-02-18 11:41:35,518 - INFO - 测试通过
2022-02-18 11:41:35,518 - INFO - 
--------------执行完毕: 测试输入密码为空登录失败 ---------------

2022-02-18 11:41:35,739 - INFO - 刷新页面
2022-02-18 11:41:35,740 - INFO - 
--------------执行测试: 测试登录成功 ---------------
2022-02-18 11:41:35,864 - INFO - 输入用户名 icoin
2022-02-18 11:41:36,017 - INFO - 输入密码 123456
2022-02-18 11:41:36,493 - INFO - 输入验证码 2246 
2022-02-18 11:41:36,619 - INFO - 点击登录按钮
2022-02-18 11:41:36,620 - INFO - 开始断言
2022-02-18 11:41:37,961 - INFO - 测试通过
2022-02-18 11:41:37,961 - INFO - 
--------------执行完毕: 测试登录成功 ---------------

2022-02-18 11:41:40,518 - INFO - **********关闭浏览器，结束测试**********


2022-02-18 11:41:43,518 - INFO - ----强制等待3s----


2022-02-18 11:41:44,730 - INFO - **********打开浏览器，开始测试**********
2022-02-18 11:41:44,730 - INFO - 

--------------执行测试: 测试进入用户管理 ---------------
2022-02-18 11:41:46,435 - INFO - 进入登录页面
2022-02-18 11:41:46,496 - INFO - 输入用户名 icoin
2022-02-18 11:41:46,553 - INFO - 输入密码 123456
2022-02-18 11:41:46,984 - INFO - 输入验证码 5662 
2022-02-18 11:41:47,039 - INFO - 点击登录按钮
2022-02-18 11:41:47,937 - INFO - 点击系统管理
2022-02-18 11:41:47,963 - INFO - 

--------------执行测试: 测试退出登录成功 ---------------
2022-02-18 11:41:48,132 - INFO - 点击头像
2022-02-18 11:41:48,711 - INFO - 点击logout
2022-02-18 11:41:48,794 - INFO - 点击确认退出按钮
2022-02-18 11:41:48,794 - INFO - 开始断言
2022-02-18 11:41:49,332 - INFO - 测试通过
2022-02-18 11:41:49,332 - INFO - 
--------------执行完毕: 测试退出登录成功 ---------------

2022-02-18 11:41:51,421 - INFO - **********关闭浏览器，结束测试**********


2022-02-18 11:41:54,421 - INFO - ----强制等待3s----


2022-02-18 11:42:16,940 - INFO - **********打开浏览器，开始测试**********
2022-02-18 11:42:17,062 - INFO - 刷新页面
2022-02-18 11:42:17,062 - INFO - 

--------------执行测试: 测试输入错误验证码登录失败 ---------------
2022-02-18 11:42:17,125 - INFO - 输入用户名 admin
2022-02-18 11:42:17,191 - INFO - 输入密码 12345678
2022-02-18 11:42:17,254 - INFO - 输入验证码 666 
2022-02-18 11:42:17,332 - INFO - 点击登录按钮
2022-02-18 11:42:17,332 - INFO - 开始断言
2022-02-18 11:42:17,873 - INFO - 测试通过
2022-02-18 11:42:17,873 - INFO - 
--------------执行完毕: 测试输入错误验证码登录失败 ---------------

2022-02-18 11:42:17,972 - INFO - 刷新页面
2022-02-18 11:42:17,972 - INFO - 

--------------执行测试: 测试输入验证码为空登录失败 ---------------
2022-02-18 11:42:18,032 - INFO - 输入用户名 icoin
2022-02-18 11:42:18,086 - INFO - 输入密码 654321
2022-02-18 11:42:18,130 - INFO - 输入验证码  
2022-02-18 11:42:18,187 - INFO - 点击登录按钮
2022-02-18 11:42:18,187 - INFO - 开始断言
2022-02-18 11:42:18,708 - INFO - 测试通过
2022-02-18 11:42:18,708 - INFO - 
--------------执行完毕: 测试输入验证码为空登录失败 ---------------

2022-02-18 11:42:18,794 - INFO - 刷新页面
2022-02-18 11:42:18,794 - INFO - 

--------------执行测试: 测试输入用户名为空登录失败 ---------------
2022-02-18 11:42:18,839 - INFO - 输入用户名 
2022-02-18 11:42:18,894 - INFO - 输入密码 123456
2022-02-18 11:42:18,951 - INFO - 输入验证码 6666 
2022-02-18 11:42:18,997 - INFO - 点击登录按钮
2022-02-18 11:42:18,997 - INFO - 开始断言
2022-02-18 11:42:19,029 - INFO - 测试通过
2022-02-18 11:42:19,029 - INFO - 
--------------执行完毕: 测试输入用户名为空登录失败 ---------------

2022-02-18 11:42:19,032 - INFO - 刷新页面
2022-02-18 11:42:19,032 - INFO - 

--------------执行测试: 测试输入密码为空登录失败 ---------------
2022-02-18 11:42:19,178 - INFO - 输入用户名 icoin
2022-02-18 11:42:19,223 - INFO - 输入密码 
2022-02-18 11:42:19,277 - INFO - 输入验证码 66666 
2022-02-18 11:42:19,311 - INFO - 点击登录按钮
2022-02-18 11:42:19,311 - INFO - 开始断言
2022-02-18 11:42:19,334 - INFO - 测试通过
2022-02-18 11:42:19,334 - INFO - 
--------------执行完毕: 测试输入密码为空登录失败 ---------------

2022-02-18 11:42:19,522 - INFO - 刷新页面
2022-02-18 11:42:19,523 - INFO - 
--------------执行测试: 测试登录成功 ---------------
2022-02-18 11:42:19,624 - INFO - 输入用户名 icoin
2022-02-18 11:42:19,702 - INFO - 输入密码 123456
2022-02-18 11:42:20,267 - INFO - 输入验证码 2829 
2022-02-18 11:42:20,317 - INFO - 点击登录按钮
2022-02-18 11:42:20,318 - INFO - 开始断言
2022-02-18 11:42:20,999 - INFO - 测试通过
2022-02-18 11:42:20,999 - INFO - 
--------------执行完毕: 测试登录成功 ---------------

2022-02-18 11:42:23,126 - INFO - **********关闭浏览器，结束测试**********


2022-02-18 11:42:26,126 - INFO - ----强制等待3s----


2022-02-18 11:42:27,366 - INFO - **********打开浏览器，开始测试**********
2022-02-18 11:42:27,367 - INFO - 

--------------执行测试: 测试进入用户管理 ---------------
2022-02-18 11:42:29,928 - INFO - 进入登录页面
2022-02-18 11:42:29,987 - INFO - 输入用户名 icoin
2022-02-18 11:42:30,049 - INFO - 输入密码 123456
2022-02-18 11:42:30,655 - INFO - 输入验证码 6394 
2022-02-18 11:42:30,707 - INFO - 点击登录按钮
2022-02-18 11:42:31,404 - INFO - 点击系统管理
2022-02-18 11:42:32,065 - INFO - 点击用户管理
2022-02-18 11:42:32,065 - INFO - 开始断言
2022-02-18 11:42:32,716 - INFO - 测试通过
2022-02-18 11:42:32,716 - INFO - 
--------------执行完毕: 测试进入用户管理 ---------------

2022-02-18 11:42:32,717 - INFO - 

--------------执行测试: 测试退出登录成功 ---------------
2022-02-18 11:42:32,890 - INFO - 点击头像
2022-02-18 11:42:33,459 - INFO - 点击logout
2022-02-18 11:42:35,611 - INFO - **********关闭浏览器，结束测试**********


2022-02-18 11:42:38,611 - INFO - ----强制等待3s----


2022-02-18 11:42:59,313 - INFO - **********打开浏览器，开始测试**********
2022-02-18 11:42:59,439 - INFO - 刷新页面
2022-02-18 11:42:59,439 - INFO - 

--------------执行测试: 测试输入错误验证码登录失败 ---------------
2022-02-18 11:42:59,508 - INFO - 输入用户名 admin
2022-02-18 11:42:59,571 - INFO - 输入密码 12345678
2022-02-18 11:42:59,635 - INFO - 输入验证码 666 
2022-02-18 11:42:59,708 - INFO - 点击登录按钮
2022-02-18 11:42:59,708 - INFO - 开始断言
2022-02-18 11:43:00,239 - INFO - 测试通过
2022-02-18 11:43:00,239 - INFO - 
--------------执行完毕: 测试输入错误验证码登录失败 ---------------

2022-02-18 11:43:00,330 - INFO - 刷新页面
2022-02-18 11:43:00,330 - INFO - 

--------------执行测试: 测试输入验证码为空登录失败 ---------------
2022-02-18 11:43:00,382 - INFO - 输入用户名 icoin
2022-02-18 11:43:00,434 - INFO - 输入密码 654321
2022-02-18 11:43:00,478 - INFO - 输入验证码  
2022-02-18 11:43:00,520 - INFO - 点击登录按钮
2022-02-18 11:43:00,520 - INFO - 开始断言
2022-02-18 11:43:01,040 - INFO - 测试通过
2022-02-18 11:43:01,040 - INFO - 
--------------执行完毕: 测试输入验证码为空登录失败 ---------------

2022-02-18 11:43:01,127 - INFO - 刷新页面
2022-02-18 11:43:01,127 - INFO - 

--------------执行测试: 测试输入用户名为空登录失败 ---------------
2022-02-18 11:43:01,175 - INFO - 输入用户名 
2022-02-18 11:43:01,238 - INFO - 输入密码 123456
2022-02-18 11:43:01,296 - INFO - 输入验证码 6666 
2022-02-18 11:43:01,338 - INFO - 点击登录按钮
2022-02-18 11:43:01,338 - INFO - 开始断言
2022-02-18 11:43:01,372 - INFO - 测试通过
2022-02-18 11:43:01,372 - INFO - 
--------------执行完毕: 测试输入用户名为空登录失败 ---------------

2022-02-18 11:43:01,463 - INFO - 刷新页面
2022-02-18 11:43:01,463 - INFO - 

--------------执行测试: 测试输入密码为空登录失败 ---------------
2022-02-18 11:43:01,526 - INFO - 输入用户名 icoin
2022-02-18 11:43:01,574 - INFO - 输入密码 
2022-02-18 11:43:01,629 - INFO - 输入验证码 66666 
2022-02-18 11:43:01,664 - INFO - 点击登录按钮
2022-02-18 11:43:01,665 - INFO - 开始断言
2022-02-18 11:43:01,689 - INFO - 测试通过
2022-02-18 11:43:01,689 - INFO - 
--------------执行完毕: 测试输入密码为空登录失败 ---------------

2022-02-18 11:43:01,781 - INFO - 刷新页面
2022-02-18 11:43:01,781 - INFO - 
--------------执行测试: 测试登录成功 ---------------
2022-02-18 11:43:01,845 - INFO - 输入用户名 icoin
2022-02-18 11:43:01,897 - INFO - 输入密码 123456
2022-02-18 11:43:02,500 - INFO - 输入验证码 8539 
2022-02-18 11:43:02,546 - INFO - 点击登录按钮
2022-02-18 11:43:02,546 - INFO - 开始断言
2022-02-18 11:43:03,094 - INFO - 测试通过
2022-02-18 11:43:03,094 - INFO - 
--------------执行完毕: 测试登录成功 ---------------

2022-02-18 11:43:05,206 - INFO - **********关闭浏览器，结束测试**********


2022-02-18 11:43:08,206 - INFO - ----强制等待3s----


2022-02-18 11:43:09,507 - INFO - **********打开浏览器，开始测试**********
2022-02-18 11:43:09,507 - INFO - 

--------------执行测试: 测试进入用户管理 ---------------
2022-02-18 11:43:11,089 - INFO - 进入登录页面
2022-02-18 11:43:11,154 - INFO - 输入用户名 icoin
2022-02-18 11:43:11,224 - INFO - 输入密码 123456
2022-02-18 11:43:11,801 - INFO - 输入验证码 3944 
2022-02-18 11:43:11,859 - INFO - 点击登录按钮
2022-02-18 11:43:12,486 - INFO - 点击系统管理
2022-02-18 11:43:12,514 - INFO - 

--------------执行测试: 测试退出登录成功 ---------------
2022-02-18 11:43:12,588 - INFO - 点击头像
2022-02-18 11:43:12,720 - INFO - 点击logout
2022-02-18 11:43:12,761 - INFO - 点击确认退出按钮
2022-02-18 11:43:12,761 - INFO - 开始断言
2022-02-18 11:43:13,289 - INFO - 测试通过
2022-02-18 11:43:13,290 - INFO - 
--------------执行完毕: 测试退出登录成功 ---------------

2022-02-18 11:43:15,395 - INFO - **********关闭浏览器，结束测试**********


2022-02-18 11:43:18,396 - INFO - ----强制等待3s----


2022-02-18 11:43:57,333 - INFO - **********打开浏览器，开始测试**********
2022-02-18 11:43:57,459 - INFO - 刷新页面
2022-02-18 11:43:57,459 - INFO - 

--------------执行测试: 测试输入错误验证码登录失败 ---------------
2022-02-18 11:43:57,528 - INFO - 输入用户名 admin
2022-02-18 11:43:57,594 - INFO - 输入密码 12345678
2022-02-18 11:43:57,653 - INFO - 输入验证码 666 
2022-02-18 11:43:57,711 - INFO - 点击登录按钮
2022-02-18 11:43:57,711 - INFO - 开始断言
2022-02-18 11:43:58,238 - INFO - 测试通过
2022-02-18 11:43:58,238 - INFO - 
--------------执行完毕: 测试输入错误验证码登录失败 ---------------

2022-02-18 11:43:58,332 - INFO - 刷新页面
2022-02-18 11:43:58,333 - INFO - 

--------------执行测试: 测试输入验证码为空登录失败 ---------------
2022-02-18 11:43:58,407 - INFO - 输入用户名 icoin
2022-02-18 11:43:58,466 - INFO - 输入密码 654321
2022-02-18 11:43:58,511 - INFO - 输入验证码  
2022-02-18 11:43:58,566 - INFO - 点击登录按钮
2022-02-18 11:43:58,567 - INFO - 开始断言
2022-02-18 11:43:59,086 - INFO - 测试通过
2022-02-18 11:43:59,086 - INFO - 
--------------执行完毕: 测试输入验证码为空登录失败 ---------------

2022-02-18 11:43:59,172 - INFO - 刷新页面
2022-02-18 11:43:59,172 - INFO - 

--------------执行测试: 测试输入用户名为空登录失败 ---------------
2022-02-18 11:43:59,218 - INFO - 输入用户名 
2022-02-18 11:43:59,276 - INFO - 输入密码 123456
2022-02-18 11:43:59,334 - INFO - 输入验证码 6666 
2022-02-18 11:43:59,396 - INFO - 点击登录按钮
2022-02-18 11:43:59,397 - INFO - 开始断言
2022-02-18 11:43:59,423 - INFO - 测试通过
2022-02-18 11:43:59,423 - INFO - 
--------------执行完毕: 测试输入用户名为空登录失败 ---------------

2022-02-18 11:43:59,521 - INFO - 刷新页面
2022-02-18 11:43:59,521 - INFO - 

--------------执行测试: 测试输入密码为空登录失败 ---------------
2022-02-18 11:43:59,582 - INFO - 输入用户名 icoin
2022-02-18 11:43:59,639 - INFO - 输入密码 
2022-02-18 11:43:59,692 - INFO - 输入验证码 66666 
2022-02-18 11:43:59,735 - INFO - 点击登录按钮
2022-02-18 11:43:59,736 - INFO - 开始断言
2022-02-18 11:43:59,768 - INFO - 测试通过
2022-02-18 11:43:59,768 - INFO - 
--------------执行完毕: 测试输入密码为空登录失败 ---------------

2022-02-18 11:43:59,909 - INFO - 刷新页面
2022-02-18 11:43:59,909 - INFO - 
--------------执行测试: 测试登录成功 ---------------
2022-02-18 11:43:59,976 - INFO - 输入用户名 icoin
2022-02-18 11:44:00,066 - INFO - 输入密码 123456
2022-02-18 11:44:00,655 - INFO - 输入验证码 5889 
2022-02-18 11:44:00,704 - INFO - 点击登录按钮
2022-02-18 11:44:00,704 - INFO - 开始断言
2022-02-18 11:44:01,261 - INFO - 测试通过
2022-02-18 11:44:01,262 - INFO - 
--------------执行完毕: 测试登录成功 ---------------

2022-02-18 11:44:03,378 - INFO - **********关闭浏览器，结束测试**********


2022-02-18 11:44:06,379 - INFO - ----强制等待3s----


2022-02-18 11:44:07,683 - INFO - **********打开浏览器，开始测试**********
2022-02-18 11:44:07,683 - INFO - 

--------------执行测试: 测试进入用户管理 ---------------
2022-02-18 11:44:09,629 - INFO - 进入登录页面
2022-02-18 11:44:09,686 - INFO - 输入用户名 icoin
2022-02-18 11:44:09,753 - INFO - 输入密码 123456
2022-02-18 11:44:10,324 - INFO - 输入验证码 8786 
2022-02-18 11:44:10,378 - INFO - 点击登录按钮
2022-02-18 11:44:11,134 - INFO - 点击系统管理
2022-02-18 11:44:12,235 - INFO - 点击用户管理
2022-02-18 11:44:12,236 - INFO - 开始断言
2022-02-18 11:44:12,875 - INFO - 测试通过
2022-02-18 11:44:12,875 - INFO - 
--------------执行完毕: 测试进入用户管理 ---------------

2022-02-18 11:44:12,875 - INFO - 

--------------执行测试: 测试退出登录成功 ---------------
2022-02-18 11:44:13,049 - INFO - 点击头像
2022-02-18 11:44:14,114 - INFO - 点击logout
2022-02-18 11:44:16,259 - INFO - **********关闭浏览器，结束测试**********


2022-02-18 11:44:19,259 - INFO - ----强制等待3s----


2022-02-18 11:44:50,530 - INFO - **********打开浏览器，开始测试**********
2022-02-18 11:44:50,656 - INFO - 刷新页面
2022-02-18 11:44:50,656 - INFO - 

--------------执行测试: 测试输入错误验证码登录失败 ---------------
2022-02-18 11:44:50,723 - INFO - 输入用户名 admin
2022-02-18 11:44:50,786 - INFO - 输入密码 12345678
2022-02-18 11:44:50,840 - INFO - 输入验证码 666 
2022-02-18 11:44:50,896 - INFO - 点击登录按钮
2022-02-18 11:44:50,896 - INFO - 开始断言
2022-02-18 11:44:51,424 - INFO - 测试通过
2022-02-18 11:44:51,424 - INFO - 
--------------执行完毕: 测试输入错误验证码登录失败 ---------------

2022-02-18 11:44:51,511 - INFO - 刷新页面
2022-02-18 11:44:51,511 - INFO - 

--------------执行测试: 测试输入验证码为空登录失败 ---------------
2022-02-18 11:44:51,565 - INFO - 输入用户名 icoin
2022-02-18 11:44:51,618 - INFO - 输入密码 654321
2022-02-18 11:44:51,665 - INFO - 输入验证码  
2022-02-18 11:44:51,714 - INFO - 点击登录按钮
2022-02-18 11:44:51,714 - INFO - 开始断言
2022-02-18 11:44:52,233 - INFO - 测试通过
2022-02-18 11:44:52,233 - INFO - 
--------------执行完毕: 测试输入验证码为空登录失败 ---------------

2022-02-18 11:44:52,322 - INFO - 刷新页面
2022-02-18 11:44:52,322 - INFO - 

--------------执行测试: 测试输入用户名为空登录失败 ---------------
2022-02-18 11:44:52,373 - INFO - 输入用户名 
2022-02-18 11:44:52,427 - INFO - 输入密码 123456
2022-02-18 11:44:52,489 - INFO - 输入验证码 6666 
2022-02-18 11:44:52,556 - INFO - 点击登录按钮
2022-02-18 11:44:52,556 - INFO - 开始断言
2022-02-18 11:44:52,584 - INFO - 测试通过
2022-02-18 11:44:52,584 - INFO - 
--------------执行完毕: 测试输入用户名为空登录失败 ---------------

2022-02-18 11:44:52,703 - INFO - 刷新页面
2022-02-18 11:44:52,703 - INFO - 

--------------执行测试: 测试输入密码为空登录失败 ---------------
2022-02-18 11:44:52,762 - INFO - 输入用户名 icoin
2022-02-18 11:44:52,806 - INFO - 输入密码 
2022-02-18 11:44:52,867 - INFO - 输入验证码 66666 
2022-02-18 11:44:52,910 - INFO - 点击登录按钮
2022-02-18 11:44:52,910 - INFO - 开始断言
2022-02-18 11:44:52,936 - INFO - 测试通过
2022-02-18 11:44:52,936 - INFO - 
--------------执行完毕: 测试输入密码为空登录失败 ---------------

2022-02-18 11:44:53,035 - INFO - 刷新页面
2022-02-18 11:44:53,035 - INFO - 
--------------执行测试: 测试登录成功 ---------------
2022-02-18 11:44:53,097 - INFO - 输入用户名 icoin
2022-02-18 11:44:53,153 - INFO - 输入密码 123456
2022-02-18 11:44:53,799 - INFO - 输入验证码 6638 
2022-02-18 11:44:53,892 - INFO - 点击登录按钮
2022-02-18 11:44:53,893 - INFO - 开始断言
2022-02-18 11:44:54,680 - INFO - 测试通过
2022-02-18 11:44:54,681 - INFO - 
--------------执行完毕: 测试登录成功 ---------------

2022-02-18 11:44:56,925 - INFO - **********关闭浏览器，结束测试**********


2022-02-18 11:44:59,925 - INFO - ----强制等待3s----


2022-02-18 11:45:01,188 - INFO - **********打开浏览器，开始测试**********
2022-02-18 11:45:01,188 - INFO - 

--------------执行测试: 测试进入用户管理 ---------------
2022-02-18 11:45:03,158 - INFO - 进入登录页面
2022-02-18 11:45:03,226 - INFO - 输入用户名 icoin
2022-02-18 11:45:03,303 - INFO - 输入密码 123456
2022-02-18 11:45:03,762 - INFO - 输入验证码 4663 
2022-02-18 11:45:03,814 - INFO - 点击登录按钮
2022-02-18 11:45:04,598 - INFO - 点击系统管理
2022-02-18 11:45:04,626 - INFO - 

--------------执行测试: 测试退出登录成功 ---------------
2022-02-18 11:45:04,678 - INFO - 点击头像
2022-02-18 11:45:05,774 - INFO - 点击logout
2022-02-18 11:45:05,841 - INFO - 点击确认退出按钮
2022-02-18 11:45:05,841 - INFO - 开始断言
2022-02-18 11:45:06,384 - INFO - 测试通过
2022-02-18 11:45:06,384 - INFO - 
--------------执行完毕: 测试退出登录成功 ---------------

2022-02-18 11:45:08,519 - INFO - **********关闭浏览器，结束测试**********


2022-02-18 11:45:11,520 - INFO - ----强制等待3s----


2022-02-18 11:45:31,350 - INFO - **********打开浏览器，开始测试**********
2022-02-18 11:45:31,474 - INFO - 刷新页面
2022-02-18 11:45:31,475 - INFO - 

--------------执行测试: 测试输入错误验证码登录失败 ---------------
2022-02-18 11:45:31,539 - INFO - 输入用户名 admin
2022-02-18 11:45:31,601 - INFO - 输入密码 12345678
2022-02-18 11:45:31,658 - INFO - 输入验证码 666 
2022-02-18 11:45:31,713 - INFO - 点击登录按钮
2022-02-18 11:45:31,713 - INFO - 开始断言
2022-02-18 11:45:32,239 - INFO - 测试通过
2022-02-18 11:45:32,239 - INFO - 
--------------执行完毕: 测试输入错误验证码登录失败 ---------------

2022-02-18 11:45:32,334 - INFO - 刷新页面
2022-02-18 11:45:32,334 - INFO - 

--------------执行测试: 测试输入验证码为空登录失败 ---------------
2022-02-18 11:45:32,392 - INFO - 输入用户名 icoin
2022-02-18 11:45:32,450 - INFO - 输入密码 654321
2022-02-18 11:45:32,492 - INFO - 输入验证码  
2022-02-18 11:45:32,537 - INFO - 点击登录按钮
2022-02-18 11:45:32,537 - INFO - 开始断言
2022-02-18 11:45:33,055 - INFO - 测试通过
2022-02-18 11:45:33,055 - INFO - 
--------------执行完毕: 测试输入验证码为空登录失败 ---------------

2022-02-18 11:45:33,142 - INFO - 刷新页面
2022-02-18 11:45:33,142 - INFO - 

--------------执行测试: 测试输入用户名为空登录失败 ---------------
2022-02-18 11:45:33,192 - INFO - 输入用户名 
2022-02-18 11:45:33,248 - INFO - 输入密码 123456
2022-02-18 11:45:33,303 - INFO - 输入验证码 6666 
2022-02-18 11:45:33,346 - INFO - 点击登录按钮
2022-02-18 11:45:33,346 - INFO - 开始断言
2022-02-18 11:45:33,375 - INFO - 测试通过
2022-02-18 11:45:33,376 - INFO - 
--------------执行完毕: 测试输入用户名为空登录失败 ---------------

2022-02-18 11:45:33,471 - INFO - 刷新页面
2022-02-18 11:45:33,471 - INFO - 

--------------执行测试: 测试输入密码为空登录失败 ---------------
2022-02-18 11:45:33,528 - INFO - 输入用户名 icoin
2022-02-18 11:45:33,578 - INFO - 输入密码 
2022-02-18 11:45:33,637 - INFO - 输入验证码 66666 
2022-02-18 11:45:33,674 - INFO - 点击登录按钮
2022-02-18 11:45:33,674 - INFO - 开始断言
2022-02-18 11:45:33,698 - INFO - 测试通过
2022-02-18 11:45:33,698 - INFO - 
--------------执行完毕: 测试输入密码为空登录失败 ---------------

2022-02-18 11:45:33,800 - INFO - 刷新页面
2022-02-18 11:45:33,800 - INFO - 
--------------执行测试: 测试登录成功 ---------------
2022-02-18 11:45:33,860 - INFO - 输入用户名 icoin
2022-02-18 11:45:33,913 - INFO - 输入密码 123456
2022-02-18 11:45:34,459 - INFO - 输入验证码 8567 
2022-02-18 11:45:34,507 - INFO - 点击登录按钮
2022-02-18 11:45:34,507 - INFO - 开始断言
2022-02-18 11:45:35,060 - INFO - 测试通过
2022-02-18 11:45:35,060 - INFO - 
--------------执行完毕: 测试登录成功 ---------------

2022-02-18 11:45:37,182 - INFO - **********关闭浏览器，结束测试**********


2022-02-18 11:45:40,183 - INFO - ----强制等待3s----


2022-02-18 11:45:41,413 - INFO - **********打开浏览器，开始测试**********
2022-02-18 11:45:41,413 - INFO - 

--------------执行测试: 测试进入用户管理 ---------------
2022-02-18 11:45:43,168 - INFO - 进入登录页面
2022-02-18 11:45:43,227 - INFO - 输入用户名 icoin
2022-02-18 11:45:43,286 - INFO - 输入密码 123456
2022-02-18 11:45:43,883 - INFO - 输入验证码 3939 
2022-02-18 11:45:43,935 - INFO - 点击登录按钮
2022-02-18 11:45:44,555 - INFO - 点击系统管理
2022-02-18 11:45:45,695 - INFO - 点击用户管理
2022-02-18 11:45:45,695 - INFO - 开始断言
2022-02-18 11:45:46,320 - INFO - 测试通过
2022-02-18 11:45:46,320 - INFO - 
--------------执行完毕: 测试进入用户管理 ---------------

2022-02-18 11:45:46,320 - INFO - 

--------------执行测试: 测试退出登录成功 ---------------
2022-02-18 11:45:46,516 - INFO - 点击头像
2022-02-18 11:45:47,577 - INFO - 点击logout
2022-02-18 11:45:50,679 - INFO - **********关闭浏览器，结束测试**********


2022-02-18 11:45:53,679 - INFO - ----强制等待3s----


2022-02-18 11:46:35,859 - INFO - **********打开浏览器，开始测试**********
2022-02-18 11:46:35,994 - INFO - 刷新页面
2022-02-18 11:46:35,994 - INFO - 

--------------执行测试: 测试输入错误验证码登录失败 ---------------
2022-02-18 11:46:36,059 - INFO - 输入用户名 admin
2022-02-18 11:46:36,122 - INFO - 输入密码 12345678
2022-02-18 11:46:36,181 - INFO - 输入验证码 666 
2022-02-18 11:46:36,250 - INFO - 点击登录按钮
2022-02-18 11:46:36,250 - INFO - 开始断言
2022-02-18 11:46:36,826 - INFO - 测试通过
2022-02-18 11:46:36,826 - INFO - 
--------------执行完毕: 测试输入错误验证码登录失败 ---------------

2022-02-18 11:46:36,913 - INFO - 刷新页面
2022-02-18 11:46:36,913 - INFO - 

--------------执行测试: 测试输入验证码为空登录失败 ---------------
2022-02-18 11:46:36,971 - INFO - 输入用户名 icoin
2022-02-18 11:46:37,025 - INFO - 输入密码 654321
2022-02-18 11:46:37,069 - INFO - 输入验证码  
2022-02-18 11:46:37,114 - INFO - 点击登录按钮
2022-02-18 11:46:37,114 - INFO - 开始断言
2022-02-18 11:46:37,633 - INFO - 测试通过
2022-02-18 11:46:37,633 - INFO - 
--------------执行完毕: 测试输入验证码为空登录失败 ---------------

2022-02-18 11:46:37,722 - INFO - 刷新页面
2022-02-18 11:46:37,722 - INFO - 

--------------执行测试: 测试输入用户名为空登录失败 ---------------
2022-02-18 11:46:37,770 - INFO - 输入用户名 
2022-02-18 11:46:37,821 - INFO - 输入密码 123456
2022-02-18 11:46:37,875 - INFO - 输入验证码 6666 
2022-02-18 11:46:37,918 - INFO - 点击登录按钮
2022-02-18 11:46:37,919 - INFO - 开始断言
2022-02-18 11:46:37,952 - INFO - 测试通过
2022-02-18 11:46:37,953 - INFO - 
--------------执行完毕: 测试输入用户名为空登录失败 ---------------

2022-02-18 11:46:38,051 - INFO - 刷新页面
2022-02-18 11:46:38,052 - INFO - 

--------------执行测试: 测试输入密码为空登录失败 ---------------
2022-02-18 11:46:38,116 - INFO - 输入用户名 icoin
2022-02-18 11:46:38,164 - INFO - 输入密码 
2022-02-18 11:46:38,224 - INFO - 输入验证码 66666 
2022-02-18 11:46:38,264 - INFO - 点击登录按钮
2022-02-18 11:46:38,264 - INFO - 开始断言
2022-02-18 11:46:38,287 - INFO - 测试通过
2022-02-18 11:46:38,287 - INFO - 
--------------执行完毕: 测试输入密码为空登录失败 ---------------

2022-02-18 11:46:38,402 - INFO - 刷新页面
2022-02-18 11:46:38,402 - INFO - 
--------------执行测试: 测试登录成功 ---------------
2022-02-18 11:46:38,464 - INFO - 输入用户名 icoin
2022-02-18 11:46:38,518 - INFO - 输入密码 123456
2022-02-18 11:46:39,097 - INFO - 输入验证码 4329 
2022-02-18 11:46:39,144 - INFO - 点击登录按钮
2022-02-18 11:46:39,144 - INFO - 开始断言
2022-02-18 11:46:39,761 - INFO - 测试通过
2022-02-18 11:46:39,761 - INFO - 
--------------执行完毕: 测试登录成功 ---------------

2022-02-18 11:46:41,925 - INFO - **********关闭浏览器，结束测试**********


2022-02-18 11:46:44,925 - INFO - ----强制等待3s----


2022-02-18 11:46:46,183 - INFO - **********打开浏览器，开始测试**********
2022-02-18 11:46:46,183 - INFO - 

--------------执行测试: 测试进入用户管理 ---------------
2022-02-18 11:46:48,370 - INFO - 进入登录页面
2022-02-18 11:46:48,432 - INFO - 输入用户名 icoin
2022-02-18 11:46:48,492 - INFO - 输入密码 123456
2022-02-18 11:46:49,104 - INFO - 输入验证码 3889 
2022-02-18 11:46:49,159 - INFO - 点击登录按钮
2022-02-18 11:46:50,008 - INFO - 点击系统管理
2022-02-18 11:46:50,641 - INFO - 点击用户管理
2022-02-18 11:46:50,641 - INFO - 开始断言
2022-02-18 11:46:51,274 - INFO - 测试通过
2022-02-18 11:46:51,274 - INFO - 
--------------执行完毕: 测试进入用户管理 ---------------

2022-02-18 11:46:53,395 - INFO - **********关闭浏览器，结束测试**********


2022-02-18 11:46:56,396 - INFO - ----强制等待3s----


